2025-04-04 00:00:16.492 [main] INFO  com.example.kafkaconsumeropensearch.KafkaConsumerOpenSearchApplication - Starting KafkaConsumerOpenSearchApplication v0.0.1-SNAPSHOT using Java 17.0.14 with PID 1 (/app/app.jar started by root in /app)
2025-04-04 00:00:16.512 [main] DEBUG com.example.kafkaconsumeropensearch.KafkaConsumerOpenSearchApplication - Running with Spring Boot v3.1.5, Spring v6.0.13
2025-04-04 00:00:16.514 [main] INFO  com.example.kafkaconsumeropensearch.KafkaConsumerOpenSearchApplication - No active profile set, falling back to 1 default profile: "default"
2025-04-04 00:00:17.258 [main] WARN  org.springframework.context.annotation.AnnotationConfigApplicationContext - Exception encountered during context initialization - cancelling refresh attempt: org.springframework.beans.factory.UnsatisfiedDependencyException: Error creating bean with name 'kafkaConsumerService' defined in URL [jar:file:/app/app.jar!/BOOT-INF/classes!/com/example/kafkaconsumeropensearch/service/KafkaConsumerService.class]: Unsatisfied dependency expressed through constructor parameter 0: Error creating bean with name 'openSearchService' defined in URL [jar:file:/app/app.jar!/BOOT-INF/classes!/com/example/kafkaconsumeropensearch/service/OpenSearchService.class]: Unsatisfied dependency expressed through constructor parameter 1: No qualifying bean of type 'com.fasterxml.jackson.databind.ObjectMapper' available: expected at least 1 bean which qualifies as autowire candidate. Dependency annotations: {}
2025-04-04 00:00:17.274 [main] INFO  org.springframework.boot.autoconfigure.logging.ConditionEvaluationReportLogger - 

Error starting ApplicationContext. To display the condition evaluation report re-run your application with 'debug' enabled.
2025-04-04 00:00:17.291 [main] ERROR org.springframework.boot.diagnostics.LoggingFailureAnalysisReporter - 

***************************
APPLICATION FAILED TO START
***************************

Description:

Parameter 1 of constructor in com.example.kafkaconsumeropensearch.service.OpenSearchService required a bean of type 'com.fasterxml.jackson.databind.ObjectMapper' that could not be found.


Action:

Consider defining a bean of type 'com.fasterxml.jackson.databind.ObjectMapper' in your configuration.

2025-04-04 00:01:18.798 [main] INFO  com.example.kafkaconsumeropensearch.KafkaConsumerOpenSearchApplication - Starting KafkaConsumerOpenSearchApplication v0.0.1-SNAPSHOT using Java 17.0.14 with PID 1 (/app/app.jar started by root in /app)
2025-04-04 00:01:18.801 [main] DEBUG com.example.kafkaconsumeropensearch.KafkaConsumerOpenSearchApplication - Running with Spring Boot v3.1.5, Spring v6.0.13
2025-04-04 00:01:18.803 [main] INFO  com.example.kafkaconsumeropensearch.KafkaConsumerOpenSearchApplication - No active profile set, falling back to 1 default profile: "default"
2025-04-04 00:01:19.581 [main] WARN  org.springframework.context.annotation.AnnotationConfigApplicationContext - Exception encountered during context initialization - cancelling refresh attempt: org.springframework.beans.factory.UnsatisfiedDependencyException: Error creating bean with name 'kafkaConsumerService' defined in URL [jar:file:/app/app.jar!/BOOT-INF/classes!/com/example/kafkaconsumeropensearch/service/KafkaConsumerService.class]: Unsatisfied dependency expressed through constructor parameter 0: Error creating bean with name 'openSearchService' defined in URL [jar:file:/app/app.jar!/BOOT-INF/classes!/com/example/kafkaconsumeropensearch/service/OpenSearchService.class]: Unsatisfied dependency expressed through constructor parameter 1: No qualifying bean of type 'com.fasterxml.jackson.databind.ObjectMapper' available: expected at least 1 bean which qualifies as autowire candidate. Dependency annotations: {}
2025-04-04 00:01:19.592 [main] INFO  org.springframework.boot.autoconfigure.logging.ConditionEvaluationReportLogger - 

Error starting ApplicationContext. To display the condition evaluation report re-run your application with 'debug' enabled.
2025-04-04 00:01:19.611 [main] ERROR org.springframework.boot.diagnostics.LoggingFailureAnalysisReporter - 

***************************
APPLICATION FAILED TO START
***************************

Description:

Parameter 1 of constructor in com.example.kafkaconsumeropensearch.service.OpenSearchService required a bean of type 'com.fasterxml.jackson.databind.ObjectMapper' that could not be found.


Action:

Consider defining a bean of type 'com.fasterxml.jackson.databind.ObjectMapper' in your configuration.

2025-04-04 00:02:21.178 [main] INFO  com.example.kafkaconsumeropensearch.KafkaConsumerOpenSearchApplication - Starting KafkaConsumerOpenSearchApplication v0.0.1-SNAPSHOT using Java 17.0.14 with PID 1 (/app/app.jar started by root in /app)
2025-04-04 00:02:21.181 [main] DEBUG com.example.kafkaconsumeropensearch.KafkaConsumerOpenSearchApplication - Running with Spring Boot v3.1.5, Spring v6.0.13
2025-04-04 00:02:21.184 [main] INFO  com.example.kafkaconsumeropensearch.KafkaConsumerOpenSearchApplication - No active profile set, falling back to 1 default profile: "default"
2025-04-04 00:02:21.891 [main] WARN  org.springframework.context.annotation.AnnotationConfigApplicationContext - Exception encountered during context initialization - cancelling refresh attempt: org.springframework.beans.factory.UnsatisfiedDependencyException: Error creating bean with name 'kafkaConsumerService' defined in URL [jar:file:/app/app.jar!/BOOT-INF/classes!/com/example/kafkaconsumeropensearch/service/KafkaConsumerService.class]: Unsatisfied dependency expressed through constructor parameter 0: Error creating bean with name 'openSearchService' defined in URL [jar:file:/app/app.jar!/BOOT-INF/classes!/com/example/kafkaconsumeropensearch/service/OpenSearchService.class]: Unsatisfied dependency expressed through constructor parameter 1: No qualifying bean of type 'com.fasterxml.jackson.databind.ObjectMapper' available: expected at least 1 bean which qualifies as autowire candidate. Dependency annotations: {}
2025-04-04 00:02:21.901 [main] INFO  org.springframework.boot.autoconfigure.logging.ConditionEvaluationReportLogger - 

Error starting ApplicationContext. To display the condition evaluation report re-run your application with 'debug' enabled.
2025-04-04 00:02:21.918 [main] ERROR org.springframework.boot.diagnostics.LoggingFailureAnalysisReporter - 

***************************
APPLICATION FAILED TO START
***************************

Description:

Parameter 1 of constructor in com.example.kafkaconsumeropensearch.service.OpenSearchService required a bean of type 'com.fasterxml.jackson.databind.ObjectMapper' that could not be found.


Action:

Consider defining a bean of type 'com.fasterxml.jackson.databind.ObjectMapper' in your configuration.

2025-04-04 12:28:35.944 [main] INFO  com.example.kafkaconsumeropensearch.KafkaConsumerOpenSearchApplication - Starting KafkaConsumerOpenSearchApplication v0.0.1-SNAPSHOT using Java 17.0.14 with PID 1 (/app/app.jar started by root in /app)
2025-04-04 12:28:35.956 [main] DEBUG com.example.kafkaconsumeropensearch.KafkaConsumerOpenSearchApplication - Running with Spring Boot v3.1.5, Spring v6.0.13
2025-04-04 12:28:35.962 [main] INFO  com.example.kafkaconsumeropensearch.KafkaConsumerOpenSearchApplication - No active profile set, falling back to 1 default profile: "default"
2025-04-04 12:28:45.676 [main] WARN  org.springframework.context.annotation.AnnotationConfigApplicationContext - Exception encountered during context initialization - cancelling refresh attempt: org.springframework.beans.factory.UnsatisfiedDependencyException: Error creating bean with name 'kafkaConsumerService' defined in URL [jar:file:/app/app.jar!/BOOT-INF/classes!/com/example/kafkaconsumeropensearch/service/KafkaConsumerService.class]: Unsatisfied dependency expressed through constructor parameter 0: Error creating bean with name 'openSearchService' defined in URL [jar:file:/app/app.jar!/BOOT-INF/classes!/com/example/kafkaconsumeropensearch/service/OpenSearchService.class]: Unsatisfied dependency expressed through constructor parameter 1: No qualifying bean of type 'com.fasterxml.jackson.databind.ObjectMapper' available: expected at least 1 bean which qualifies as autowire candidate. Dependency annotations: {}
2025-04-04 12:28:45.710 [main] INFO  org.springframework.boot.autoconfigure.logging.ConditionEvaluationReportLogger - 

Error starting ApplicationContext. To display the condition evaluation report re-run your application with 'debug' enabled.
2025-04-04 12:28:45.823 [main] ERROR org.springframework.boot.diagnostics.LoggingFailureAnalysisReporter - 

***************************
APPLICATION FAILED TO START
***************************

Description:

Parameter 1 of constructor in com.example.kafkaconsumeropensearch.service.OpenSearchService required a bean of type 'com.fasterxml.jackson.databind.ObjectMapper' that could not be found.


Action:

Consider defining a bean of type 'com.fasterxml.jackson.databind.ObjectMapper' in your configuration.

2025-04-04 12:28:56.996 [main] INFO  com.example.kafkaconsumeropensearch.KafkaConsumerOpenSearchApplication - Starting KafkaConsumerOpenSearchApplication v0.0.1-SNAPSHOT using Java 17.0.14 with PID 1 (/app/app.jar started by root in /app)
2025-04-04 12:28:57.002 [main] DEBUG com.example.kafkaconsumeropensearch.KafkaConsumerOpenSearchApplication - Running with Spring Boot v3.1.5, Spring v6.0.13
2025-04-04 12:28:57.007 [main] INFO  com.example.kafkaconsumeropensearch.KafkaConsumerOpenSearchApplication - No active profile set, falling back to 1 default profile: "default"
2025-04-04 12:29:01.756 [main] WARN  org.springframework.context.annotation.AnnotationConfigApplicationContext - Exception encountered during context initialization - cancelling refresh attempt: org.springframework.beans.factory.UnsatisfiedDependencyException: Error creating bean with name 'kafkaConsumerService' defined in URL [jar:file:/app/app.jar!/BOOT-INF/classes!/com/example/kafkaconsumeropensearch/service/KafkaConsumerService.class]: Unsatisfied dependency expressed through constructor parameter 0: Error creating bean with name 'openSearchService' defined in URL [jar:file:/app/app.jar!/BOOT-INF/classes!/com/example/kafkaconsumeropensearch/service/OpenSearchService.class]: Unsatisfied dependency expressed through constructor parameter 1: No qualifying bean of type 'com.fasterxml.jackson.databind.ObjectMapper' available: expected at least 1 bean which qualifies as autowire candidate. Dependency annotations: {}
2025-04-04 12:29:01.887 [main] INFO  org.springframework.boot.autoconfigure.logging.ConditionEvaluationReportLogger - 

Error starting ApplicationContext. To display the condition evaluation report re-run your application with 'debug' enabled.
2025-04-04 12:29:01.984 [main] ERROR org.springframework.boot.diagnostics.LoggingFailureAnalysisReporter - 

***************************
APPLICATION FAILED TO START
***************************

Description:

Parameter 1 of constructor in com.example.kafkaconsumeropensearch.service.OpenSearchService required a bean of type 'com.fasterxml.jackson.databind.ObjectMapper' that could not be found.


Action:

Consider defining a bean of type 'com.fasterxml.jackson.databind.ObjectMapper' in your configuration.

