2025-04-23 18:52:38.671 [main] ERROR com.example.fixsimulator.FixSimulatorApplication - Dosya bulunamadı: config/rates-config.json
2025-04-23 18:52:39.152 [main] ERROR com.example.fixsimulator.FixSimulatorApplication - Uygulama başlatılırken hata oluştu
java.lang.RuntimeException: Gerekli dosya bulunamadı: config/rates-config.json
	at com.example.fixsimulator.FixSimulatorApplication.checkFileExists(FixSimulatorApplication.java:93) ~[classes!/:0.0.1-SNAPSHOT]
	at com.example.fixsimulator.FixSimulatorApplication.main(FixSimulatorApplication.java:37) [classes!/:0.0.1-SNAPSHOT]
	at jdk.internal.reflect.NativeMethodAccessorImpl.invoke0(Native Method) ~[?:?]
	at jdk.internal.reflect.NativeMethodAccessorImpl.invoke(Unknown Source) ~[?:?]
	at jdk.internal.reflect.DelegatingMethodAccessorImpl.invoke(Unknown Source) ~[?:?]
	at java.lang.reflect.Method.invoke(Unknown Source) ~[?:?]
	at org.springframework.boot.loader.MainMethodRunner.run(MainMethodRunner.java:49) [app.jar:0.0.1-SNAPSHOT]
	at org.springframework.boot.loader.Launcher.launch(Launcher.java:95) [app.jar:0.0.1-SNAPSHOT]
	at org.springframework.boot.loader.Launcher.launch(Launcher.java:58) [app.jar:0.0.1-SNAPSHOT]
	at org.springframework.boot.loader.JarLauncher.main(JarLauncher.java:65) [app.jar:0.0.1-SNAPSHOT]
2025-04-23 18:52:48.988 [main] ERROR com.example.fixsimulator.FixSimulatorApplication - Dosya bulunamadı: config/rates-config.json
2025-04-23 18:52:49.020 [main] ERROR com.example.fixsimulator.FixSimulatorApplication - Uygulama başlatılırken hata oluştu
java.lang.RuntimeException: Gerekli dosya bulunamadı: config/rates-config.json
	at com.example.fixsimulator.FixSimulatorApplication.checkFileExists(FixSimulatorApplication.java:93) ~[classes!/:0.0.1-SNAPSHOT]
	at com.example.fixsimulator.FixSimulatorApplication.main(FixSimulatorApplication.java:37) [classes!/:0.0.1-SNAPSHOT]
	at jdk.internal.reflect.NativeMethodAccessorImpl.invoke0(Native Method) ~[?:?]
	at jdk.internal.reflect.NativeMethodAccessorImpl.invoke(Unknown Source) ~[?:?]
	at jdk.internal.reflect.DelegatingMethodAccessorImpl.invoke(Unknown Source) ~[?:?]
	at java.lang.reflect.Method.invoke(Unknown Source) ~[?:?]
	at org.springframework.boot.loader.MainMethodRunner.run(MainMethodRunner.java:49) [app.jar:0.0.1-SNAPSHOT]
	at org.springframework.boot.loader.Launcher.launch(Launcher.java:95) [app.jar:0.0.1-SNAPSHOT]
	at org.springframework.boot.loader.Launcher.launch(Launcher.java:58) [app.jar:0.0.1-SNAPSHOT]
	at org.springframework.boot.loader.JarLauncher.main(JarLauncher.java:65) [app.jar:0.0.1-SNAPSHOT]
2025-04-23 18:53:01.269 [main] ERROR com.example.fixsimulator.FixSimulatorApplication - Dosya bulunamadı: config/rates-config.json
2025-04-23 18:53:01.298 [main] ERROR com.example.fixsimulator.FixSimulatorApplication - Uygulama başlatılırken hata oluştu
java.lang.RuntimeException: Gerekli dosya bulunamadı: config/rates-config.json
	at com.example.fixsimulator.FixSimulatorApplication.checkFileExists(FixSimulatorApplication.java:93) ~[classes!/:0.0.1-SNAPSHOT]
	at com.example.fixsimulator.FixSimulatorApplication.main(FixSimulatorApplication.java:37) [classes!/:0.0.1-SNAPSHOT]
	at jdk.internal.reflect.NativeMethodAccessorImpl.invoke0(Native Method) ~[?:?]
	at jdk.internal.reflect.NativeMethodAccessorImpl.invoke(Unknown Source) ~[?:?]
	at jdk.internal.reflect.DelegatingMethodAccessorImpl.invoke(Unknown Source) ~[?:?]
	at java.lang.reflect.Method.invoke(Unknown Source) ~[?:?]
	at org.springframework.boot.loader.MainMethodRunner.run(MainMethodRunner.java:49) [app.jar:0.0.1-SNAPSHOT]
	at org.springframework.boot.loader.Launcher.launch(Launcher.java:95) [app.jar:0.0.1-SNAPSHOT]
	at org.springframework.boot.loader.Launcher.launch(Launcher.java:58) [app.jar:0.0.1-SNAPSHOT]
	at org.springframework.boot.loader.JarLauncher.main(JarLauncher.java:65) [app.jar:0.0.1-SNAPSHOT]
2025-04-23 18:53:13.105 [main] ERROR com.example.fixsimulator.FixSimulatorApplication - Dosya bulunamadı: config/rates-config.json
2025-04-23 18:53:13.127 [main] ERROR com.example.fixsimulator.FixSimulatorApplication - Uygulama başlatılırken hata oluştu
java.lang.RuntimeException: Gerekli dosya bulunamadı: config/rates-config.json
	at com.example.fixsimulator.FixSimulatorApplication.checkFileExists(FixSimulatorApplication.java:93) ~[classes!/:0.0.1-SNAPSHOT]
	at com.example.fixsimulator.FixSimulatorApplication.main(FixSimulatorApplication.java:37) [classes!/:0.0.1-SNAPSHOT]
	at jdk.internal.reflect.NativeMethodAccessorImpl.invoke0(Native Method) ~[?:?]
	at jdk.internal.reflect.NativeMethodAccessorImpl.invoke(Unknown Source) ~[?:?]
	at jdk.internal.reflect.DelegatingMethodAccessorImpl.invoke(Unknown Source) ~[?:?]
	at java.lang.reflect.Method.invoke(Unknown Source) ~[?:?]
	at org.springframework.boot.loader.MainMethodRunner.run(MainMethodRunner.java:49) [app.jar:0.0.1-SNAPSHOT]
	at org.springframework.boot.loader.Launcher.launch(Launcher.java:95) [app.jar:0.0.1-SNAPSHOT]
	at org.springframework.boot.loader.Launcher.launch(Launcher.java:58) [app.jar:0.0.1-SNAPSHOT]
	at org.springframework.boot.loader.JarLauncher.main(JarLauncher.java:65) [app.jar:0.0.1-SNAPSHOT]
2025-04-23 18:53:25.434 [main] ERROR com.example.fixsimulator.FixSimulatorApplication - Dosya bulunamadı: config/rates-config.json
2025-04-23 18:53:25.469 [main] ERROR com.example.fixsimulator.FixSimulatorApplication - Uygulama başlatılırken hata oluştu
java.lang.RuntimeException: Gerekli dosya bulunamadı: config/rates-config.json
	at com.example.fixsimulator.FixSimulatorApplication.checkFileExists(FixSimulatorApplication.java:93) ~[classes!/:0.0.1-SNAPSHOT]
	at com.example.fixsimulator.FixSimulatorApplication.main(FixSimulatorApplication.java:37) [classes!/:0.0.1-SNAPSHOT]
	at jdk.internal.reflect.NativeMethodAccessorImpl.invoke0(Native Method) ~[?:?]
	at jdk.internal.reflect.NativeMethodAccessorImpl.invoke(Unknown Source) ~[?:?]
	at jdk.internal.reflect.DelegatingMethodAccessorImpl.invoke(Unknown Source) ~[?:?]
	at java.lang.reflect.Method.invoke(Unknown Source) ~[?:?]
	at org.springframework.boot.loader.MainMethodRunner.run(MainMethodRunner.java:49) [app.jar:0.0.1-SNAPSHOT]
	at org.springframework.boot.loader.Launcher.launch(Launcher.java:95) [app.jar:0.0.1-SNAPSHOT]
	at org.springframework.boot.loader.Launcher.launch(Launcher.java:58) [app.jar:0.0.1-SNAPSHOT]
	at org.springframework.boot.loader.JarLauncher.main(JarLauncher.java:65) [app.jar:0.0.1-SNAPSHOT]
2025-04-23 18:53:35.555 [main] ERROR com.example.fixsimulator.FixSimulatorApplication - Dosya bulunamadı: config/rates-config.json
2025-04-23 18:53:35.585 [main] ERROR com.example.fixsimulator.FixSimulatorApplication - Uygulama başlatılırken hata oluştu
java.lang.RuntimeException: Gerekli dosya bulunamadı: config/rates-config.json
	at com.example.fixsimulator.FixSimulatorApplication.checkFileExists(FixSimulatorApplication.java:93) ~[classes!/:0.0.1-SNAPSHOT]
	at com.example.fixsimulator.FixSimulatorApplication.main(FixSimulatorApplication.java:37) [classes!/:0.0.1-SNAPSHOT]
	at jdk.internal.reflect.NativeMethodAccessorImpl.invoke0(Native Method) ~[?:?]
	at jdk.internal.reflect.NativeMethodAccessorImpl.invoke(Unknown Source) ~[?:?]
	at jdk.internal.reflect.DelegatingMethodAccessorImpl.invoke(Unknown Source) ~[?:?]
	at java.lang.reflect.Method.invoke(Unknown Source) ~[?:?]
	at org.springframework.boot.loader.MainMethodRunner.run(MainMethodRunner.java:49) [app.jar:0.0.1-SNAPSHOT]
	at org.springframework.boot.loader.Launcher.launch(Launcher.java:95) [app.jar:0.0.1-SNAPSHOT]
	at org.springframework.boot.loader.Launcher.launch(Launcher.java:58) [app.jar:0.0.1-SNAPSHOT]
	at org.springframework.boot.loader.JarLauncher.main(JarLauncher.java:65) [app.jar:0.0.1-SNAPSHOT]
2025-04-23 18:53:48.107 [main] ERROR com.example.fixsimulator.FixSimulatorApplication - Dosya bulunamadı: config/rates-config.json
2025-04-23 18:53:48.148 [main] ERROR com.example.fixsimulator.FixSimulatorApplication - Uygulama başlatılırken hata oluştu
java.lang.RuntimeException: Gerekli dosya bulunamadı: config/rates-config.json
	at com.example.fixsimulator.FixSimulatorApplication.checkFileExists(FixSimulatorApplication.java:93) ~[classes!/:0.0.1-SNAPSHOT]
	at com.example.fixsimulator.FixSimulatorApplication.main(FixSimulatorApplication.java:37) [classes!/:0.0.1-SNAPSHOT]
	at jdk.internal.reflect.NativeMethodAccessorImpl.invoke0(Native Method) ~[?:?]
	at jdk.internal.reflect.NativeMethodAccessorImpl.invoke(Unknown Source) ~[?:?]
	at jdk.internal.reflect.DelegatingMethodAccessorImpl.invoke(Unknown Source) ~[?:?]
	at java.lang.reflect.Method.invoke(Unknown Source) ~[?:?]
	at org.springframework.boot.loader.MainMethodRunner.run(MainMethodRunner.java:49) [app.jar:0.0.1-SNAPSHOT]
	at org.springframework.boot.loader.Launcher.launch(Launcher.java:95) [app.jar:0.0.1-SNAPSHOT]
	at org.springframework.boot.loader.Launcher.launch(Launcher.java:58) [app.jar:0.0.1-SNAPSHOT]
	at org.springframework.boot.loader.JarLauncher.main(JarLauncher.java:65) [app.jar:0.0.1-SNAPSHOT]
2025-04-23 18:54:02.691 [main] ERROR com.example.fixsimulator.FixSimulatorApplication - Dosya bulunamadı: config/rates-config.json
2025-04-23 18:54:02.710 [main] ERROR com.example.fixsimulator.FixSimulatorApplication - Uygulama başlatılırken hata oluştu
java.lang.RuntimeException: Gerekli dosya bulunamadı: config/rates-config.json
	at com.example.fixsimulator.FixSimulatorApplication.checkFileExists(FixSimulatorApplication.java:93) ~[classes!/:0.0.1-SNAPSHOT]
	at com.example.fixsimulator.FixSimulatorApplication.main(FixSimulatorApplication.java:37) [classes!/:0.0.1-SNAPSHOT]
	at jdk.internal.reflect.NativeMethodAccessorImpl.invoke0(Native Method) ~[?:?]
	at jdk.internal.reflect.NativeMethodAccessorImpl.invoke(Unknown Source) ~[?:?]
	at jdk.internal.reflect.DelegatingMethodAccessorImpl.invoke(Unknown Source) ~[?:?]
	at java.lang.reflect.Method.invoke(Unknown Source) ~[?:?]
	at org.springframework.boot.loader.MainMethodRunner.run(MainMethodRunner.java:49) [app.jar:0.0.1-SNAPSHOT]
	at org.springframework.boot.loader.Launcher.launch(Launcher.java:95) [app.jar:0.0.1-SNAPSHOT]
	at org.springframework.boot.loader.Launcher.launch(Launcher.java:58) [app.jar:0.0.1-SNAPSHOT]
	at org.springframework.boot.loader.JarLauncher.main(JarLauncher.java:65) [app.jar:0.0.1-SNAPSHOT]
2025-04-23 18:54:22.775 [main] ERROR com.example.fixsimulator.FixSimulatorApplication - Dosya bulunamadı: config/rates-config.json
2025-04-23 18:54:23.034 [main] ERROR com.example.fixsimulator.FixSimulatorApplication - Uygulama başlatılırken hata oluştu
java.lang.RuntimeException: Gerekli dosya bulunamadı: config/rates-config.json
	at com.example.fixsimulator.FixSimulatorApplication.checkFileExists(FixSimulatorApplication.java:93) ~[classes!/:0.0.1-SNAPSHOT]
	at com.example.fixsimulator.FixSimulatorApplication.main(FixSimulatorApplication.java:37) [classes!/:0.0.1-SNAPSHOT]
	at jdk.internal.reflect.NativeMethodAccessorImpl.invoke0(Native Method) ~[?:?]
	at jdk.internal.reflect.NativeMethodAccessorImpl.invoke(Unknown Source) ~[?:?]
	at jdk.internal.reflect.DelegatingMethodAccessorImpl.invoke(Unknown Source) ~[?:?]
	at java.lang.reflect.Method.invoke(Unknown Source) ~[?:?]
	at org.springframework.boot.loader.MainMethodRunner.run(MainMethodRunner.java:49) [app.jar:0.0.1-SNAPSHOT]
	at org.springframework.boot.loader.Launcher.launch(Launcher.java:95) [app.jar:0.0.1-SNAPSHOT]
	at org.springframework.boot.loader.Launcher.launch(Launcher.java:58) [app.jar:0.0.1-SNAPSHOT]
	at org.springframework.boot.loader.JarLauncher.main(JarLauncher.java:65) [app.jar:0.0.1-SNAPSHOT]
2025-04-23 18:54:50.860 [main] ERROR com.example.fixsimulator.FixSimulatorApplication - Dosya bulunamadı: config/rates-config.json
2025-04-23 18:54:50.865 [main] ERROR com.example.fixsimulator.FixSimulatorApplication - Uygulama başlatılırken hata oluştu
java.lang.RuntimeException: Gerekli dosya bulunamadı: config/rates-config.json
	at com.example.fixsimulator.FixSimulatorApplication.checkFileExists(FixSimulatorApplication.java:93) ~[classes!/:0.0.1-SNAPSHOT]
	at com.example.fixsimulator.FixSimulatorApplication.main(FixSimulatorApplication.java:37) [classes!/:0.0.1-SNAPSHOT]
	at jdk.internal.reflect.NativeMethodAccessorImpl.invoke0(Native Method) ~[?:?]
	at jdk.internal.reflect.NativeMethodAccessorImpl.invoke(Unknown Source) ~[?:?]
	at jdk.internal.reflect.DelegatingMethodAccessorImpl.invoke(Unknown Source) ~[?:?]
	at java.lang.reflect.Method.invoke(Unknown Source) ~[?:?]
	at org.springframework.boot.loader.MainMethodRunner.run(MainMethodRunner.java:49) [app.jar:0.0.1-SNAPSHOT]
	at org.springframework.boot.loader.Launcher.launch(Launcher.java:95) [app.jar:0.0.1-SNAPSHOT]
	at org.springframework.boot.loader.Launcher.launch(Launcher.java:58) [app.jar:0.0.1-SNAPSHOT]
	at org.springframework.boot.loader.JarLauncher.main(JarLauncher.java:65) [app.jar:0.0.1-SNAPSHOT]
2025-04-23 18:55:43.796 [main] ERROR com.example.fixsimulator.FixSimulatorApplication - Dosya bulunamadı: config/rates-config.json
2025-04-23 18:55:43.806 [main] ERROR com.example.fixsimulator.FixSimulatorApplication - Uygulama başlatılırken hata oluştu
java.lang.RuntimeException: Gerekli dosya bulunamadı: config/rates-config.json
	at com.example.fixsimulator.FixSimulatorApplication.checkFileExists(FixSimulatorApplication.java:93) ~[classes!/:0.0.1-SNAPSHOT]
	at com.example.fixsimulator.FixSimulatorApplication.main(FixSimulatorApplication.java:37) [classes!/:0.0.1-SNAPSHOT]
	at jdk.internal.reflect.NativeMethodAccessorImpl.invoke0(Native Method) ~[?:?]
	at jdk.internal.reflect.NativeMethodAccessorImpl.invoke(Unknown Source) ~[?:?]
	at jdk.internal.reflect.DelegatingMethodAccessorImpl.invoke(Unknown Source) ~[?:?]
	at java.lang.reflect.Method.invoke(Unknown Source) ~[?:?]
	at org.springframework.boot.loader.MainMethodRunner.run(MainMethodRunner.java:49) [app.jar:0.0.1-SNAPSHOT]
	at org.springframework.boot.loader.Launcher.launch(Launcher.java:95) [app.jar:0.0.1-SNAPSHOT]
	at org.springframework.boot.loader.Launcher.launch(Launcher.java:58) [app.jar:0.0.1-SNAPSHOT]
	at org.springframework.boot.loader.JarLauncher.main(JarLauncher.java:65) [app.jar:0.0.1-SNAPSHOT]
2025-04-23 18:56:46.213 [main] ERROR com.example.fixsimulator.FixSimulatorApplication - Dosya bulunamadı: config/rates-config.json
2025-04-23 18:56:46.223 [main] ERROR com.example.fixsimulator.FixSimulatorApplication - Uygulama başlatılırken hata oluştu
java.lang.RuntimeException: Gerekli dosya bulunamadı: config/rates-config.json
	at com.example.fixsimulator.FixSimulatorApplication.checkFileExists(FixSimulatorApplication.java:93) ~[classes!/:0.0.1-SNAPSHOT]
	at com.example.fixsimulator.FixSimulatorApplication.main(FixSimulatorApplication.java:37) [classes!/:0.0.1-SNAPSHOT]
	at jdk.internal.reflect.NativeMethodAccessorImpl.invoke0(Native Method) ~[?:?]
	at jdk.internal.reflect.NativeMethodAccessorImpl.invoke(Unknown Source) ~[?:?]
	at jdk.internal.reflect.DelegatingMethodAccessorImpl.invoke(Unknown Source) ~[?:?]
	at java.lang.reflect.Method.invoke(Unknown Source) ~[?:?]
	at org.springframework.boot.loader.MainMethodRunner.run(MainMethodRunner.java:49) [app.jar:0.0.1-SNAPSHOT]
	at org.springframework.boot.loader.Launcher.launch(Launcher.java:95) [app.jar:0.0.1-SNAPSHOT]
	at org.springframework.boot.loader.Launcher.launch(Launcher.java:58) [app.jar:0.0.1-SNAPSHOT]
	at org.springframework.boot.loader.JarLauncher.main(JarLauncher.java:65) [app.jar:0.0.1-SNAPSHOT]
2025-04-23 18:57:47.557 [main] ERROR com.example.fixsimulator.FixSimulatorApplication - Dosya bulunamadı: config/rates-config.json
2025-04-23 18:57:47.563 [main] ERROR com.example.fixsimulator.FixSimulatorApplication - Uygulama başlatılırken hata oluştu
java.lang.RuntimeException: Gerekli dosya bulunamadı: config/rates-config.json
	at com.example.fixsimulator.FixSimulatorApplication.checkFileExists(FixSimulatorApplication.java:93) ~[classes!/:0.0.1-SNAPSHOT]
	at com.example.fixsimulator.FixSimulatorApplication.main(FixSimulatorApplication.java:37) [classes!/:0.0.1-SNAPSHOT]
	at jdk.internal.reflect.NativeMethodAccessorImpl.invoke0(Native Method) ~[?:?]
	at jdk.internal.reflect.NativeMethodAccessorImpl.invoke(Unknown Source) ~[?:?]
	at jdk.internal.reflect.DelegatingMethodAccessorImpl.invoke(Unknown Source) ~[?:?]
	at java.lang.reflect.Method.invoke(Unknown Source) ~[?:?]
	at org.springframework.boot.loader.MainMethodRunner.run(MainMethodRunner.java:49) [app.jar:0.0.1-SNAPSHOT]
	at org.springframework.boot.loader.Launcher.launch(Launcher.java:95) [app.jar:0.0.1-SNAPSHOT]
	at org.springframework.boot.loader.Launcher.launch(Launcher.java:58) [app.jar:0.0.1-SNAPSHOT]
	at org.springframework.boot.loader.JarLauncher.main(JarLauncher.java:65) [app.jar:0.0.1-SNAPSHOT]
2025-04-23 18:58:48.803 [main] ERROR com.example.fixsimulator.FixSimulatorApplication - Dosya bulunamadı: config/rates-config.json
2025-04-23 18:58:48.808 [main] ERROR com.example.fixsimulator.FixSimulatorApplication - Uygulama başlatılırken hata oluştu
java.lang.RuntimeException: Gerekli dosya bulunamadı: config/rates-config.json
	at com.example.fixsimulator.FixSimulatorApplication.checkFileExists(FixSimulatorApplication.java:93) ~[classes!/:0.0.1-SNAPSHOT]
	at com.example.fixsimulator.FixSimulatorApplication.main(FixSimulatorApplication.java:37) [classes!/:0.0.1-SNAPSHOT]
	at jdk.internal.reflect.NativeMethodAccessorImpl.invoke0(Native Method) ~[?:?]
	at jdk.internal.reflect.NativeMethodAccessorImpl.invoke(Unknown Source) ~[?:?]
	at jdk.internal.reflect.DelegatingMethodAccessorImpl.invoke(Unknown Source) ~[?:?]
	at java.lang.reflect.Method.invoke(Unknown Source) ~[?:?]
	at org.springframework.boot.loader.MainMethodRunner.run(MainMethodRunner.java:49) [app.jar:0.0.1-SNAPSHOT]
	at org.springframework.boot.loader.Launcher.launch(Launcher.java:95) [app.jar:0.0.1-SNAPSHOT]
	at org.springframework.boot.loader.Launcher.launch(Launcher.java:58) [app.jar:0.0.1-SNAPSHOT]
	at org.springframework.boot.loader.JarLauncher.main(JarLauncher.java:65) [app.jar:0.0.1-SNAPSHOT]
2025-04-23 18:59:50.411 [main] ERROR com.example.fixsimulator.FixSimulatorApplication - Dosya bulunamadı: config/rates-config.json
2025-04-23 18:59:50.422 [main] ERROR com.example.fixsimulator.FixSimulatorApplication - Uygulama başlatılırken hata oluştu
java.lang.RuntimeException: Gerekli dosya bulunamadı: config/rates-config.json
	at com.example.fixsimulator.FixSimulatorApplication.checkFileExists(FixSimulatorApplication.java:93) ~[classes!/:0.0.1-SNAPSHOT]
	at com.example.fixsimulator.FixSimulatorApplication.main(FixSimulatorApplication.java:37) [classes!/:0.0.1-SNAPSHOT]
	at jdk.internal.reflect.NativeMethodAccessorImpl.invoke0(Native Method) ~[?:?]
	at jdk.internal.reflect.NativeMethodAccessorImpl.invoke(Unknown Source) ~[?:?]
	at jdk.internal.reflect.DelegatingMethodAccessorImpl.invoke(Unknown Source) ~[?:?]
	at java.lang.reflect.Method.invoke(Unknown Source) ~[?:?]
	at org.springframework.boot.loader.MainMethodRunner.run(MainMethodRunner.java:49) [app.jar:0.0.1-SNAPSHOT]
	at org.springframework.boot.loader.Launcher.launch(Launcher.java:95) [app.jar:0.0.1-SNAPSHOT]
	at org.springframework.boot.loader.Launcher.launch(Launcher.java:58) [app.jar:0.0.1-SNAPSHOT]
	at org.springframework.boot.loader.JarLauncher.main(JarLauncher.java:65) [app.jar:0.0.1-SNAPSHOT]
2025-04-23 19:00:51.978 [main] ERROR com.example.fixsimulator.FixSimulatorApplication - Dosya bulunamadı: config/rates-config.json
2025-04-23 19:00:51.984 [main] ERROR com.example.fixsimulator.FixSimulatorApplication - Uygulama başlatılırken hata oluştu
java.lang.RuntimeException: Gerekli dosya bulunamadı: config/rates-config.json
	at com.example.fixsimulator.FixSimulatorApplication.checkFileExists(FixSimulatorApplication.java:93) ~[classes!/:0.0.1-SNAPSHOT]
	at com.example.fixsimulator.FixSimulatorApplication.main(FixSimulatorApplication.java:37) [classes!/:0.0.1-SNAPSHOT]
	at jdk.internal.reflect.NativeMethodAccessorImpl.invoke0(Native Method) ~[?:?]
	at jdk.internal.reflect.NativeMethodAccessorImpl.invoke(Unknown Source) ~[?:?]
	at jdk.internal.reflect.DelegatingMethodAccessorImpl.invoke(Unknown Source) ~[?:?]
	at java.lang.reflect.Method.invoke(Unknown Source) ~[?:?]
	at org.springframework.boot.loader.MainMethodRunner.run(MainMethodRunner.java:49) [app.jar:0.0.1-SNAPSHOT]
	at org.springframework.boot.loader.Launcher.launch(Launcher.java:95) [app.jar:0.0.1-SNAPSHOT]
	at org.springframework.boot.loader.Launcher.launch(Launcher.java:58) [app.jar:0.0.1-SNAPSHOT]
	at org.springframework.boot.loader.JarLauncher.main(JarLauncher.java:65) [app.jar:0.0.1-SNAPSHOT]
2025-04-23 19:01:53.081 [main] ERROR com.example.fixsimulator.FixSimulatorApplication - Dosya bulunamadı: config/rates-config.json
2025-04-23 19:01:53.085 [main] ERROR com.example.fixsimulator.FixSimulatorApplication - Uygulama başlatılırken hata oluştu
java.lang.RuntimeException: Gerekli dosya bulunamadı: config/rates-config.json
	at com.example.fixsimulator.FixSimulatorApplication.checkFileExists(FixSimulatorApplication.java:93) ~[classes!/:0.0.1-SNAPSHOT]
	at com.example.fixsimulator.FixSimulatorApplication.main(FixSimulatorApplication.java:37) [classes!/:0.0.1-SNAPSHOT]
	at jdk.internal.reflect.NativeMethodAccessorImpl.invoke0(Native Method) ~[?:?]
	at jdk.internal.reflect.NativeMethodAccessorImpl.invoke(Unknown Source) ~[?:?]
	at jdk.internal.reflect.DelegatingMethodAccessorImpl.invoke(Unknown Source) ~[?:?]
	at java.lang.reflect.Method.invoke(Unknown Source) ~[?:?]
	at org.springframework.boot.loader.MainMethodRunner.run(MainMethodRunner.java:49) [app.jar:0.0.1-SNAPSHOT]
	at org.springframework.boot.loader.Launcher.launch(Launcher.java:95) [app.jar:0.0.1-SNAPSHOT]
	at org.springframework.boot.loader.Launcher.launch(Launcher.java:58) [app.jar:0.0.1-SNAPSHOT]
	at org.springframework.boot.loader.JarLauncher.main(JarLauncher.java:65) [app.jar:0.0.1-SNAPSHOT]
2025-04-23 19:02:54.669 [main] ERROR com.example.fixsimulator.FixSimulatorApplication - Dosya bulunamadı: config/rates-config.json
2025-04-23 19:02:54.687 [main] ERROR com.example.fixsimulator.FixSimulatorApplication - Uygulama başlatılırken hata oluştu
java.lang.RuntimeException: Gerekli dosya bulunamadı: config/rates-config.json
	at com.example.fixsimulator.FixSimulatorApplication.checkFileExists(FixSimulatorApplication.java:93) ~[classes!/:0.0.1-SNAPSHOT]
	at com.example.fixsimulator.FixSimulatorApplication.main(FixSimulatorApplication.java:37) [classes!/:0.0.1-SNAPSHOT]
	at jdk.internal.reflect.NativeMethodAccessorImpl.invoke0(Native Method) ~[?:?]
	at jdk.internal.reflect.NativeMethodAccessorImpl.invoke(Unknown Source) ~[?:?]
	at jdk.internal.reflect.DelegatingMethodAccessorImpl.invoke(Unknown Source) ~[?:?]
	at java.lang.reflect.Method.invoke(Unknown Source) ~[?:?]
	at org.springframework.boot.loader.MainMethodRunner.run(MainMethodRunner.java:49) [app.jar:0.0.1-SNAPSHOT]
	at org.springframework.boot.loader.Launcher.launch(Launcher.java:95) [app.jar:0.0.1-SNAPSHOT]
	at org.springframework.boot.loader.Launcher.launch(Launcher.java:58) [app.jar:0.0.1-SNAPSHOT]
	at org.springframework.boot.loader.JarLauncher.main(JarLauncher.java:65) [app.jar:0.0.1-SNAPSHOT]
2025-04-23 19:03:57.305 [main] ERROR com.example.fixsimulator.FixSimulatorApplication - Dosya bulunamadı: config/rates-config.json
2025-04-23 19:03:57.317 [main] ERROR com.example.fixsimulator.FixSimulatorApplication - Uygulama başlatılırken hata oluştu
java.lang.RuntimeException: Gerekli dosya bulunamadı: config/rates-config.json
	at com.example.fixsimulator.FixSimulatorApplication.checkFileExists(FixSimulatorApplication.java:93) ~[classes!/:0.0.1-SNAPSHOT]
	at com.example.fixsimulator.FixSimulatorApplication.main(FixSimulatorApplication.java:37) [classes!/:0.0.1-SNAPSHOT]
	at jdk.internal.reflect.NativeMethodAccessorImpl.invoke0(Native Method) ~[?:?]
	at jdk.internal.reflect.NativeMethodAccessorImpl.invoke(Unknown Source) ~[?:?]
	at jdk.internal.reflect.DelegatingMethodAccessorImpl.invoke(Unknown Source) ~[?:?]
	at java.lang.reflect.Method.invoke(Unknown Source) ~[?:?]
	at org.springframework.boot.loader.MainMethodRunner.run(MainMethodRunner.java:49) [app.jar:0.0.1-SNAPSHOT]
	at org.springframework.boot.loader.Launcher.launch(Launcher.java:95) [app.jar:0.0.1-SNAPSHOT]
	at org.springframework.boot.loader.Launcher.launch(Launcher.java:58) [app.jar:0.0.1-SNAPSHOT]
	at org.springframework.boot.loader.JarLauncher.main(JarLauncher.java:65) [app.jar:0.0.1-SNAPSHOT]
2025-04-23 19:04:58.554 [main] ERROR com.example.fixsimulator.FixSimulatorApplication - Dosya bulunamadı: config/rates-config.json
2025-04-23 19:04:58.558 [main] ERROR com.example.fixsimulator.FixSimulatorApplication - Uygulama başlatılırken hata oluştu
java.lang.RuntimeException: Gerekli dosya bulunamadı: config/rates-config.json
	at com.example.fixsimulator.FixSimulatorApplication.checkFileExists(FixSimulatorApplication.java:93) ~[classes!/:0.0.1-SNAPSHOT]
	at com.example.fixsimulator.FixSimulatorApplication.main(FixSimulatorApplication.java:37) [classes!/:0.0.1-SNAPSHOT]
	at jdk.internal.reflect.NativeMethodAccessorImpl.invoke0(Native Method) ~[?:?]
	at jdk.internal.reflect.NativeMethodAccessorImpl.invoke(Unknown Source) ~[?:?]
	at jdk.internal.reflect.DelegatingMethodAccessorImpl.invoke(Unknown Source) ~[?:?]
	at java.lang.reflect.Method.invoke(Unknown Source) ~[?:?]
	at org.springframework.boot.loader.MainMethodRunner.run(MainMethodRunner.java:49) [app.jar:0.0.1-SNAPSHOT]
	at org.springframework.boot.loader.Launcher.launch(Launcher.java:95) [app.jar:0.0.1-SNAPSHOT]
	at org.springframework.boot.loader.Launcher.launch(Launcher.java:58) [app.jar:0.0.1-SNAPSHOT]
	at org.springframework.boot.loader.JarLauncher.main(JarLauncher.java:65) [app.jar:0.0.1-SNAPSHOT]
2025-04-23 19:05:59.817 [main] ERROR com.example.fixsimulator.FixSimulatorApplication - Dosya bulunamadı: config/rates-config.json
2025-04-23 19:05:59.822 [main] ERROR com.example.fixsimulator.FixSimulatorApplication - Uygulama başlatılırken hata oluştu
java.lang.RuntimeException: Gerekli dosya bulunamadı: config/rates-config.json
	at com.example.fixsimulator.FixSimulatorApplication.checkFileExists(FixSimulatorApplication.java:93) ~[classes!/:0.0.1-SNAPSHOT]
	at com.example.fixsimulator.FixSimulatorApplication.main(FixSimulatorApplication.java:37) [classes!/:0.0.1-SNAPSHOT]
	at jdk.internal.reflect.NativeMethodAccessorImpl.invoke0(Native Method) ~[?:?]
	at jdk.internal.reflect.NativeMethodAccessorImpl.invoke(Unknown Source) ~[?:?]
	at jdk.internal.reflect.DelegatingMethodAccessorImpl.invoke(Unknown Source) ~[?:?]
	at java.lang.reflect.Method.invoke(Unknown Source) ~[?:?]
	at org.springframework.boot.loader.MainMethodRunner.run(MainMethodRunner.java:49) [app.jar:0.0.1-SNAPSHOT]
	at org.springframework.boot.loader.Launcher.launch(Launcher.java:95) [app.jar:0.0.1-SNAPSHOT]
	at org.springframework.boot.loader.Launcher.launch(Launcher.java:58) [app.jar:0.0.1-SNAPSHOT]
	at org.springframework.boot.loader.JarLauncher.main(JarLauncher.java:65) [app.jar:0.0.1-SNAPSHOT]
2025-04-23 19:07:01.327 [main] ERROR com.example.fixsimulator.FixSimulatorApplication - Dosya bulunamadı: config/rates-config.json
2025-04-23 19:07:01.333 [main] ERROR com.example.fixsimulator.FixSimulatorApplication - Uygulama başlatılırken hata oluştu
java.lang.RuntimeException: Gerekli dosya bulunamadı: config/rates-config.json
	at com.example.fixsimulator.FixSimulatorApplication.checkFileExists(FixSimulatorApplication.java:93) ~[classes!/:0.0.1-SNAPSHOT]
	at com.example.fixsimulator.FixSimulatorApplication.main(FixSimulatorApplication.java:37) [classes!/:0.0.1-SNAPSHOT]
	at jdk.internal.reflect.NativeMethodAccessorImpl.invoke0(Native Method) ~[?:?]
	at jdk.internal.reflect.NativeMethodAccessorImpl.invoke(Unknown Source) ~[?:?]
	at jdk.internal.reflect.DelegatingMethodAccessorImpl.invoke(Unknown Source) ~[?:?]
	at java.lang.reflect.Method.invoke(Unknown Source) ~[?:?]
	at org.springframework.boot.loader.MainMethodRunner.run(MainMethodRunner.java:49) [app.jar:0.0.1-SNAPSHOT]
	at org.springframework.boot.loader.Launcher.launch(Launcher.java:95) [app.jar:0.0.1-SNAPSHOT]
	at org.springframework.boot.loader.Launcher.launch(Launcher.java:58) [app.jar:0.0.1-SNAPSHOT]
	at org.springframework.boot.loader.JarLauncher.main(JarLauncher.java:65) [app.jar:0.0.1-SNAPSHOT]
2025-04-23 19:08:03.952 [main] ERROR com.example.fixsimulator.FixSimulatorApplication - Dosya bulunamadı: config/rates-config.json
2025-04-23 19:08:03.960 [main] ERROR com.example.fixsimulator.FixSimulatorApplication - Uygulama başlatılırken hata oluştu
java.lang.RuntimeException: Gerekli dosya bulunamadı: config/rates-config.json
	at com.example.fixsimulator.FixSimulatorApplication.checkFileExists(FixSimulatorApplication.java:93) ~[classes!/:0.0.1-SNAPSHOT]
	at com.example.fixsimulator.FixSimulatorApplication.main(FixSimulatorApplication.java:37) [classes!/:0.0.1-SNAPSHOT]
	at jdk.internal.reflect.NativeMethodAccessorImpl.invoke0(Native Method) ~[?:?]
	at jdk.internal.reflect.NativeMethodAccessorImpl.invoke(Unknown Source) ~[?:?]
	at jdk.internal.reflect.DelegatingMethodAccessorImpl.invoke(Unknown Source) ~[?:?]
	at java.lang.reflect.Method.invoke(Unknown Source) ~[?:?]
	at org.springframework.boot.loader.MainMethodRunner.run(MainMethodRunner.java:49) [app.jar:0.0.1-SNAPSHOT]
	at org.springframework.boot.loader.Launcher.launch(Launcher.java:95) [app.jar:0.0.1-SNAPSHOT]
	at org.springframework.boot.loader.Launcher.launch(Launcher.java:58) [app.jar:0.0.1-SNAPSHOT]
	at org.springframework.boot.loader.JarLauncher.main(JarLauncher.java:65) [app.jar:0.0.1-SNAPSHOT]
2025-04-23 19:09:06.056 [main] ERROR com.example.fixsimulator.FixSimulatorApplication - Dosya bulunamadı: config/rates-config.json
2025-04-23 19:09:06.066 [main] ERROR com.example.fixsimulator.FixSimulatorApplication - Uygulama başlatılırken hata oluştu
java.lang.RuntimeException: Gerekli dosya bulunamadı: config/rates-config.json
	at com.example.fixsimulator.FixSimulatorApplication.checkFileExists(FixSimulatorApplication.java:93) ~[classes!/:0.0.1-SNAPSHOT]
	at com.example.fixsimulator.FixSimulatorApplication.main(FixSimulatorApplication.java:37) [classes!/:0.0.1-SNAPSHOT]
	at jdk.internal.reflect.NativeMethodAccessorImpl.invoke0(Native Method) ~[?:?]
	at jdk.internal.reflect.NativeMethodAccessorImpl.invoke(Unknown Source) ~[?:?]
	at jdk.internal.reflect.DelegatingMethodAccessorImpl.invoke(Unknown Source) ~[?:?]
	at java.lang.reflect.Method.invoke(Unknown Source) ~[?:?]
	at org.springframework.boot.loader.MainMethodRunner.run(MainMethodRunner.java:49) [app.jar:0.0.1-SNAPSHOT]
	at org.springframework.boot.loader.Launcher.launch(Launcher.java:95) [app.jar:0.0.1-SNAPSHOT]
	at org.springframework.boot.loader.Launcher.launch(Launcher.java:58) [app.jar:0.0.1-SNAPSHOT]
	at org.springframework.boot.loader.JarLauncher.main(JarLauncher.java:65) [app.jar:0.0.1-SNAPSHOT]
2025-04-23 19:10:07.831 [main] ERROR com.example.fixsimulator.FixSimulatorApplication - Dosya bulunamadı: config/rates-config.json
2025-04-23 19:10:07.840 [main] ERROR com.example.fixsimulator.FixSimulatorApplication - Uygulama başlatılırken hata oluştu
java.lang.RuntimeException: Gerekli dosya bulunamadı: config/rates-config.json
	at com.example.fixsimulator.FixSimulatorApplication.checkFileExists(FixSimulatorApplication.java:93) ~[classes!/:0.0.1-SNAPSHOT]
	at com.example.fixsimulator.FixSimulatorApplication.main(FixSimulatorApplication.java:37) [classes!/:0.0.1-SNAPSHOT]
	at jdk.internal.reflect.NativeMethodAccessorImpl.invoke0(Native Method) ~[?:?]
	at jdk.internal.reflect.NativeMethodAccessorImpl.invoke(Unknown Source) ~[?:?]
	at jdk.internal.reflect.DelegatingMethodAccessorImpl.invoke(Unknown Source) ~[?:?]
	at java.lang.reflect.Method.invoke(Unknown Source) ~[?:?]
	at org.springframework.boot.loader.MainMethodRunner.run(MainMethodRunner.java:49) [app.jar:0.0.1-SNAPSHOT]
	at org.springframework.boot.loader.Launcher.launch(Launcher.java:95) [app.jar:0.0.1-SNAPSHOT]
	at org.springframework.boot.loader.Launcher.launch(Launcher.java:58) [app.jar:0.0.1-SNAPSHOT]
	at org.springframework.boot.loader.JarLauncher.main(JarLauncher.java:65) [app.jar:0.0.1-SNAPSHOT]
2025-04-23 19:11:09.469 [main] ERROR com.example.fixsimulator.FixSimulatorApplication - Dosya bulunamadı: config/rates-config.json
2025-04-23 19:11:09.476 [main] ERROR com.example.fixsimulator.FixSimulatorApplication - Uygulama başlatılırken hata oluştu
java.lang.RuntimeException: Gerekli dosya bulunamadı: config/rates-config.json
	at com.example.fixsimulator.FixSimulatorApplication.checkFileExists(FixSimulatorApplication.java:93) ~[classes!/:0.0.1-SNAPSHOT]
	at com.example.fixsimulator.FixSimulatorApplication.main(FixSimulatorApplication.java:37) [classes!/:0.0.1-SNAPSHOT]
	at jdk.internal.reflect.NativeMethodAccessorImpl.invoke0(Native Method) ~[?:?]
	at jdk.internal.reflect.NativeMethodAccessorImpl.invoke(Unknown Source) ~[?:?]
	at jdk.internal.reflect.DelegatingMethodAccessorImpl.invoke(Unknown Source) ~[?:?]
	at java.lang.reflect.Method.invoke(Unknown Source) ~[?:?]
	at org.springframework.boot.loader.MainMethodRunner.run(MainMethodRunner.java:49) [app.jar:0.0.1-SNAPSHOT]
	at org.springframework.boot.loader.Launcher.launch(Launcher.java:95) [app.jar:0.0.1-SNAPSHOT]
	at org.springframework.boot.loader.Launcher.launch(Launcher.java:58) [app.jar:0.0.1-SNAPSHOT]
	at org.springframework.boot.loader.JarLauncher.main(JarLauncher.java:65) [app.jar:0.0.1-SNAPSHOT]
2025-04-23 19:12:10.911 [main] ERROR com.example.fixsimulator.FixSimulatorApplication - Dosya bulunamadı: config/rates-config.json
2025-04-23 19:12:10.920 [main] ERROR com.example.fixsimulator.FixSimulatorApplication - Uygulama başlatılırken hata oluştu
java.lang.RuntimeException: Gerekli dosya bulunamadı: config/rates-config.json
	at com.example.fixsimulator.FixSimulatorApplication.checkFileExists(FixSimulatorApplication.java:93) ~[classes!/:0.0.1-SNAPSHOT]
	at com.example.fixsimulator.FixSimulatorApplication.main(FixSimulatorApplication.java:37) [classes!/:0.0.1-SNAPSHOT]
	at jdk.internal.reflect.NativeMethodAccessorImpl.invoke0(Native Method) ~[?:?]
	at jdk.internal.reflect.NativeMethodAccessorImpl.invoke(Unknown Source) ~[?:?]
	at jdk.internal.reflect.DelegatingMethodAccessorImpl.invoke(Unknown Source) ~[?:?]
	at java.lang.reflect.Method.invoke(Unknown Source) ~[?:?]
	at org.springframework.boot.loader.MainMethodRunner.run(MainMethodRunner.java:49) [app.jar:0.0.1-SNAPSHOT]
	at org.springframework.boot.loader.Launcher.launch(Launcher.java:95) [app.jar:0.0.1-SNAPSHOT]
	at org.springframework.boot.loader.Launcher.launch(Launcher.java:58) [app.jar:0.0.1-SNAPSHOT]
	at org.springframework.boot.loader.JarLauncher.main(JarLauncher.java:65) [app.jar:0.0.1-SNAPSHOT]
2025-04-23 19:13:13.538 [main] ERROR com.example.fixsimulator.FixSimulatorApplication - Dosya bulunamadı: config/rates-config.json
2025-04-23 19:13:13.549 [main] ERROR com.example.fixsimulator.FixSimulatorApplication - Uygulama başlatılırken hata oluştu
java.lang.RuntimeException: Gerekli dosya bulunamadı: config/rates-config.json
	at com.example.fixsimulator.FixSimulatorApplication.checkFileExists(FixSimulatorApplication.java:93) ~[classes!/:0.0.1-SNAPSHOT]
	at com.example.fixsimulator.FixSimulatorApplication.main(FixSimulatorApplication.java:37) [classes!/:0.0.1-SNAPSHOT]
	at jdk.internal.reflect.NativeMethodAccessorImpl.invoke0(Native Method) ~[?:?]
	at jdk.internal.reflect.NativeMethodAccessorImpl.invoke(Unknown Source) ~[?:?]
	at jdk.internal.reflect.DelegatingMethodAccessorImpl.invoke(Unknown Source) ~[?:?]
	at java.lang.reflect.Method.invoke(Unknown Source) ~[?:?]
	at org.springframework.boot.loader.MainMethodRunner.run(MainMethodRunner.java:49) [app.jar:0.0.1-SNAPSHOT]
	at org.springframework.boot.loader.Launcher.launch(Launcher.java:95) [app.jar:0.0.1-SNAPSHOT]
	at org.springframework.boot.loader.Launcher.launch(Launcher.java:58) [app.jar:0.0.1-SNAPSHOT]
	at org.springframework.boot.loader.JarLauncher.main(JarLauncher.java:65) [app.jar:0.0.1-SNAPSHOT]
2025-04-23 19:14:15.143 [main] ERROR com.example.fixsimulator.FixSimulatorApplication - Dosya bulunamadı: config/rates-config.json
2025-04-23 19:14:15.148 [main] ERROR com.example.fixsimulator.FixSimulatorApplication - Uygulama başlatılırken hata oluştu
java.lang.RuntimeException: Gerekli dosya bulunamadı: config/rates-config.json
	at com.example.fixsimulator.FixSimulatorApplication.checkFileExists(FixSimulatorApplication.java:93) ~[classes!/:0.0.1-SNAPSHOT]
	at com.example.fixsimulator.FixSimulatorApplication.main(FixSimulatorApplication.java:37) [classes!/:0.0.1-SNAPSHOT]
	at jdk.internal.reflect.NativeMethodAccessorImpl.invoke0(Native Method) ~[?:?]
	at jdk.internal.reflect.NativeMethodAccessorImpl.invoke(Unknown Source) ~[?:?]
	at jdk.internal.reflect.DelegatingMethodAccessorImpl.invoke(Unknown Source) ~[?:?]
	at java.lang.reflect.Method.invoke(Unknown Source) ~[?:?]
	at org.springframework.boot.loader.MainMethodRunner.run(MainMethodRunner.java:49) [app.jar:0.0.1-SNAPSHOT]
	at org.springframework.boot.loader.Launcher.launch(Launcher.java:95) [app.jar:0.0.1-SNAPSHOT]
	at org.springframework.boot.loader.Launcher.launch(Launcher.java:58) [app.jar:0.0.1-SNAPSHOT]
	at org.springframework.boot.loader.JarLauncher.main(JarLauncher.java:65) [app.jar:0.0.1-SNAPSHOT]
2025-04-23 19:15:17.861 [main] ERROR com.example.fixsimulator.FixSimulatorApplication - Dosya bulunamadı: config/rates-config.json
2025-04-23 19:15:17.870 [main] ERROR com.example.fixsimulator.FixSimulatorApplication - Uygulama başlatılırken hata oluştu
java.lang.RuntimeException: Gerekli dosya bulunamadı: config/rates-config.json
	at com.example.fixsimulator.FixSimulatorApplication.checkFileExists(FixSimulatorApplication.java:93) ~[classes!/:0.0.1-SNAPSHOT]
	at com.example.fixsimulator.FixSimulatorApplication.main(FixSimulatorApplication.java:37) [classes!/:0.0.1-SNAPSHOT]
	at jdk.internal.reflect.NativeMethodAccessorImpl.invoke0(Native Method) ~[?:?]
	at jdk.internal.reflect.NativeMethodAccessorImpl.invoke(Unknown Source) ~[?:?]
	at jdk.internal.reflect.DelegatingMethodAccessorImpl.invoke(Unknown Source) ~[?:?]
	at java.lang.reflect.Method.invoke(Unknown Source) ~[?:?]
	at org.springframework.boot.loader.MainMethodRunner.run(MainMethodRunner.java:49) [app.jar:0.0.1-SNAPSHOT]
	at org.springframework.boot.loader.Launcher.launch(Launcher.java:95) [app.jar:0.0.1-SNAPSHOT]
	at org.springframework.boot.loader.Launcher.launch(Launcher.java:58) [app.jar:0.0.1-SNAPSHOT]
	at org.springframework.boot.loader.JarLauncher.main(JarLauncher.java:65) [app.jar:0.0.1-SNAPSHOT]
2025-04-23 19:16:18.986 [main] ERROR com.example.fixsimulator.FixSimulatorApplication - Dosya bulunamadı: config/rates-config.json
2025-04-23 19:16:18.990 [main] ERROR com.example.fixsimulator.FixSimulatorApplication - Uygulama başlatılırken hata oluştu
java.lang.RuntimeException: Gerekli dosya bulunamadı: config/rates-config.json
	at com.example.fixsimulator.FixSimulatorApplication.checkFileExists(FixSimulatorApplication.java:93) ~[classes!/:0.0.1-SNAPSHOT]
	at com.example.fixsimulator.FixSimulatorApplication.main(FixSimulatorApplication.java:37) [classes!/:0.0.1-SNAPSHOT]
	at jdk.internal.reflect.NativeMethodAccessorImpl.invoke0(Native Method) ~[?:?]
	at jdk.internal.reflect.NativeMethodAccessorImpl.invoke(Unknown Source) ~[?:?]
	at jdk.internal.reflect.DelegatingMethodAccessorImpl.invoke(Unknown Source) ~[?:?]
	at java.lang.reflect.Method.invoke(Unknown Source) ~[?:?]
	at org.springframework.boot.loader.MainMethodRunner.run(MainMethodRunner.java:49) [app.jar:0.0.1-SNAPSHOT]
	at org.springframework.boot.loader.Launcher.launch(Launcher.java:95) [app.jar:0.0.1-SNAPSHOT]
	at org.springframework.boot.loader.Launcher.launch(Launcher.java:58) [app.jar:0.0.1-SNAPSHOT]
	at org.springframework.boot.loader.JarLauncher.main(JarLauncher.java:65) [app.jar:0.0.1-SNAPSHOT]
2025-04-23 19:17:20.017 [main] ERROR com.example.fixsimulator.FixSimulatorApplication - Dosya bulunamadı: config/rates-config.json
2025-04-23 19:17:20.023 [main] ERROR com.example.fixsimulator.FixSimulatorApplication - Uygulama başlatılırken hata oluştu
java.lang.RuntimeException: Gerekli dosya bulunamadı: config/rates-config.json
	at com.example.fixsimulator.FixSimulatorApplication.checkFileExists(FixSimulatorApplication.java:93) ~[classes!/:0.0.1-SNAPSHOT]
	at com.example.fixsimulator.FixSimulatorApplication.main(FixSimulatorApplication.java:37) [classes!/:0.0.1-SNAPSHOT]
	at jdk.internal.reflect.NativeMethodAccessorImpl.invoke0(Native Method) ~[?:?]
	at jdk.internal.reflect.NativeMethodAccessorImpl.invoke(Unknown Source) ~[?:?]
	at jdk.internal.reflect.DelegatingMethodAccessorImpl.invoke(Unknown Source) ~[?:?]
	at java.lang.reflect.Method.invoke(Unknown Source) ~[?:?]
	at org.springframework.boot.loader.MainMethodRunner.run(MainMethodRunner.java:49) [app.jar:0.0.1-SNAPSHOT]
	at org.springframework.boot.loader.Launcher.launch(Launcher.java:95) [app.jar:0.0.1-SNAPSHOT]
	at org.springframework.boot.loader.Launcher.launch(Launcher.java:58) [app.jar:0.0.1-SNAPSHOT]
	at org.springframework.boot.loader.JarLauncher.main(JarLauncher.java:65) [app.jar:0.0.1-SNAPSHOT]
2025-04-23 19:18:21.253 [main] ERROR com.example.fixsimulator.FixSimulatorApplication - Dosya bulunamadı: config/rates-config.json
2025-04-23 19:18:21.260 [main] ERROR com.example.fixsimulator.FixSimulatorApplication - Uygulama başlatılırken hata oluştu
java.lang.RuntimeException: Gerekli dosya bulunamadı: config/rates-config.json
	at com.example.fixsimulator.FixSimulatorApplication.checkFileExists(FixSimulatorApplication.java:93) ~[classes!/:0.0.1-SNAPSHOT]
	at com.example.fixsimulator.FixSimulatorApplication.main(FixSimulatorApplication.java:37) [classes!/:0.0.1-SNAPSHOT]
	at jdk.internal.reflect.NativeMethodAccessorImpl.invoke0(Native Method) ~[?:?]
	at jdk.internal.reflect.NativeMethodAccessorImpl.invoke(Unknown Source) ~[?:?]
	at jdk.internal.reflect.DelegatingMethodAccessorImpl.invoke(Unknown Source) ~[?:?]
	at java.lang.reflect.Method.invoke(Unknown Source) ~[?:?]
	at org.springframework.boot.loader.MainMethodRunner.run(MainMethodRunner.java:49) [app.jar:0.0.1-SNAPSHOT]
	at org.springframework.boot.loader.Launcher.launch(Launcher.java:95) [app.jar:0.0.1-SNAPSHOT]
	at org.springframework.boot.loader.Launcher.launch(Launcher.java:58) [app.jar:0.0.1-SNAPSHOT]
	at org.springframework.boot.loader.JarLauncher.main(JarLauncher.java:65) [app.jar:0.0.1-SNAPSHOT]
2025-04-23 19:19:22.423 [main] ERROR com.example.fixsimulator.FixSimulatorApplication - Dosya bulunamadı: config/rates-config.json
2025-04-23 19:19:22.427 [main] ERROR com.example.fixsimulator.FixSimulatorApplication - Uygulama başlatılırken hata oluştu
java.lang.RuntimeException: Gerekli dosya bulunamadı: config/rates-config.json
	at com.example.fixsimulator.FixSimulatorApplication.checkFileExists(FixSimulatorApplication.java:93) ~[classes!/:0.0.1-SNAPSHOT]
	at com.example.fixsimulator.FixSimulatorApplication.main(FixSimulatorApplication.java:37) [classes!/:0.0.1-SNAPSHOT]
	at jdk.internal.reflect.NativeMethodAccessorImpl.invoke0(Native Method) ~[?:?]
	at jdk.internal.reflect.NativeMethodAccessorImpl.invoke(Unknown Source) ~[?:?]
	at jdk.internal.reflect.DelegatingMethodAccessorImpl.invoke(Unknown Source) ~[?:?]
	at java.lang.reflect.Method.invoke(Unknown Source) ~[?:?]
	at org.springframework.boot.loader.MainMethodRunner.run(MainMethodRunner.java:49) [app.jar:0.0.1-SNAPSHOT]
	at org.springframework.boot.loader.Launcher.launch(Launcher.java:95) [app.jar:0.0.1-SNAPSHOT]
	at org.springframework.boot.loader.Launcher.launch(Launcher.java:58) [app.jar:0.0.1-SNAPSHOT]
	at org.springframework.boot.loader.JarLauncher.main(JarLauncher.java:65) [app.jar:0.0.1-SNAPSHOT]
2025-04-23 19:20:23.498 [main] ERROR com.example.fixsimulator.FixSimulatorApplication - Dosya bulunamadı: config/rates-config.json
2025-04-23 19:20:23.501 [main] ERROR com.example.fixsimulator.FixSimulatorApplication - Uygulama başlatılırken hata oluştu
java.lang.RuntimeException: Gerekli dosya bulunamadı: config/rates-config.json
	at com.example.fixsimulator.FixSimulatorApplication.checkFileExists(FixSimulatorApplication.java:93) ~[classes!/:0.0.1-SNAPSHOT]
	at com.example.fixsimulator.FixSimulatorApplication.main(FixSimulatorApplication.java:37) [classes!/:0.0.1-SNAPSHOT]
	at jdk.internal.reflect.NativeMethodAccessorImpl.invoke0(Native Method) ~[?:?]
	at jdk.internal.reflect.NativeMethodAccessorImpl.invoke(Unknown Source) ~[?:?]
	at jdk.internal.reflect.DelegatingMethodAccessorImpl.invoke(Unknown Source) ~[?:?]
	at java.lang.reflect.Method.invoke(Unknown Source) ~[?:?]
	at org.springframework.boot.loader.MainMethodRunner.run(MainMethodRunner.java:49) [app.jar:0.0.1-SNAPSHOT]
	at org.springframework.boot.loader.Launcher.launch(Launcher.java:95) [app.jar:0.0.1-SNAPSHOT]
	at org.springframework.boot.loader.Launcher.launch(Launcher.java:58) [app.jar:0.0.1-SNAPSHOT]
	at org.springframework.boot.loader.JarLauncher.main(JarLauncher.java:65) [app.jar:0.0.1-SNAPSHOT]
2025-04-23 19:21:24.946 [main] ERROR com.example.fixsimulator.FixSimulatorApplication - Dosya bulunamadı: config/rates-config.json
2025-04-23 19:21:24.955 [main] ERROR com.example.fixsimulator.FixSimulatorApplication - Uygulama başlatılırken hata oluştu
java.lang.RuntimeException: Gerekli dosya bulunamadı: config/rates-config.json
	at com.example.fixsimulator.FixSimulatorApplication.checkFileExists(FixSimulatorApplication.java:93) ~[classes!/:0.0.1-SNAPSHOT]
	at com.example.fixsimulator.FixSimulatorApplication.main(FixSimulatorApplication.java:37) [classes!/:0.0.1-SNAPSHOT]
	at jdk.internal.reflect.NativeMethodAccessorImpl.invoke0(Native Method) ~[?:?]
	at jdk.internal.reflect.NativeMethodAccessorImpl.invoke(Unknown Source) ~[?:?]
	at jdk.internal.reflect.DelegatingMethodAccessorImpl.invoke(Unknown Source) ~[?:?]
	at java.lang.reflect.Method.invoke(Unknown Source) ~[?:?]
	at org.springframework.boot.loader.MainMethodRunner.run(MainMethodRunner.java:49) [app.jar:0.0.1-SNAPSHOT]
	at org.springframework.boot.loader.Launcher.launch(Launcher.java:95) [app.jar:0.0.1-SNAPSHOT]
	at org.springframework.boot.loader.Launcher.launch(Launcher.java:58) [app.jar:0.0.1-SNAPSHOT]
	at org.springframework.boot.loader.JarLauncher.main(JarLauncher.java:65) [app.jar:0.0.1-SNAPSHOT]
2025-04-23 19:22:26.239 [main] ERROR com.example.fixsimulator.FixSimulatorApplication - Dosya bulunamadı: config/rates-config.json
2025-04-23 19:22:26.244 [main] ERROR com.example.fixsimulator.FixSimulatorApplication - Uygulama başlatılırken hata oluştu
java.lang.RuntimeException: Gerekli dosya bulunamadı: config/rates-config.json
	at com.example.fixsimulator.FixSimulatorApplication.checkFileExists(FixSimulatorApplication.java:93) ~[classes!/:0.0.1-SNAPSHOT]
	at com.example.fixsimulator.FixSimulatorApplication.main(FixSimulatorApplication.java:37) [classes!/:0.0.1-SNAPSHOT]
	at jdk.internal.reflect.NativeMethodAccessorImpl.invoke0(Native Method) ~[?:?]
	at jdk.internal.reflect.NativeMethodAccessorImpl.invoke(Unknown Source) ~[?:?]
	at jdk.internal.reflect.DelegatingMethodAccessorImpl.invoke(Unknown Source) ~[?:?]
	at java.lang.reflect.Method.invoke(Unknown Source) ~[?:?]
	at org.springframework.boot.loader.MainMethodRunner.run(MainMethodRunner.java:49) [app.jar:0.0.1-SNAPSHOT]
	at org.springframework.boot.loader.Launcher.launch(Launcher.java:95) [app.jar:0.0.1-SNAPSHOT]
	at org.springframework.boot.loader.Launcher.launch(Launcher.java:58) [app.jar:0.0.1-SNAPSHOT]
	at org.springframework.boot.loader.JarLauncher.main(JarLauncher.java:65) [app.jar:0.0.1-SNAPSHOT]
2025-04-23 19:23:27.304 [main] ERROR com.example.fixsimulator.FixSimulatorApplication - Dosya bulunamadı: config/rates-config.json
2025-04-23 19:23:27.308 [main] ERROR com.example.fixsimulator.FixSimulatorApplication - Uygulama başlatılırken hata oluştu
java.lang.RuntimeException: Gerekli dosya bulunamadı: config/rates-config.json
	at com.example.fixsimulator.FixSimulatorApplication.checkFileExists(FixSimulatorApplication.java:93) ~[classes!/:0.0.1-SNAPSHOT]
	at com.example.fixsimulator.FixSimulatorApplication.main(FixSimulatorApplication.java:37) [classes!/:0.0.1-SNAPSHOT]
	at jdk.internal.reflect.NativeMethodAccessorImpl.invoke0(Native Method) ~[?:?]
	at jdk.internal.reflect.NativeMethodAccessorImpl.invoke(Unknown Source) ~[?:?]
	at jdk.internal.reflect.DelegatingMethodAccessorImpl.invoke(Unknown Source) ~[?:?]
	at java.lang.reflect.Method.invoke(Unknown Source) ~[?:?]
	at org.springframework.boot.loader.MainMethodRunner.run(MainMethodRunner.java:49) [app.jar:0.0.1-SNAPSHOT]
	at org.springframework.boot.loader.Launcher.launch(Launcher.java:95) [app.jar:0.0.1-SNAPSHOT]
	at org.springframework.boot.loader.Launcher.launch(Launcher.java:58) [app.jar:0.0.1-SNAPSHOT]
	at org.springframework.boot.loader.JarLauncher.main(JarLauncher.java:65) [app.jar:0.0.1-SNAPSHOT]
2025-04-23 19:24:28.904 [main] ERROR com.example.fixsimulator.FixSimulatorApplication - Dosya bulunamadı: config/rates-config.json
2025-04-23 19:24:28.911 [main] ERROR com.example.fixsimulator.FixSimulatorApplication - Uygulama başlatılırken hata oluştu
java.lang.RuntimeException: Gerekli dosya bulunamadı: config/rates-config.json
	at com.example.fixsimulator.FixSimulatorApplication.checkFileExists(FixSimulatorApplication.java:93) ~[classes!/:0.0.1-SNAPSHOT]
	at com.example.fixsimulator.FixSimulatorApplication.main(FixSimulatorApplication.java:37) [classes!/:0.0.1-SNAPSHOT]
	at jdk.internal.reflect.NativeMethodAccessorImpl.invoke0(Native Method) ~[?:?]
	at jdk.internal.reflect.NativeMethodAccessorImpl.invoke(Unknown Source) ~[?:?]
	at jdk.internal.reflect.DelegatingMethodAccessorImpl.invoke(Unknown Source) ~[?:?]
	at java.lang.reflect.Method.invoke(Unknown Source) ~[?:?]
	at org.springframework.boot.loader.MainMethodRunner.run(MainMethodRunner.java:49) [app.jar:0.0.1-SNAPSHOT]
	at org.springframework.boot.loader.Launcher.launch(Launcher.java:95) [app.jar:0.0.1-SNAPSHOT]
	at org.springframework.boot.loader.Launcher.launch(Launcher.java:58) [app.jar:0.0.1-SNAPSHOT]
	at org.springframework.boot.loader.JarLauncher.main(JarLauncher.java:65) [app.jar:0.0.1-SNAPSHOT]
2025-04-23 19:25:30.199 [main] ERROR com.example.fixsimulator.FixSimulatorApplication - Dosya bulunamadı: config/rates-config.json
2025-04-23 19:25:30.204 [main] ERROR com.example.fixsimulator.FixSimulatorApplication - Uygulama başlatılırken hata oluştu
java.lang.RuntimeException: Gerekli dosya bulunamadı: config/rates-config.json
	at com.example.fixsimulator.FixSimulatorApplication.checkFileExists(FixSimulatorApplication.java:93) ~[classes!/:0.0.1-SNAPSHOT]
	at com.example.fixsimulator.FixSimulatorApplication.main(FixSimulatorApplication.java:37) [classes!/:0.0.1-SNAPSHOT]
	at jdk.internal.reflect.NativeMethodAccessorImpl.invoke0(Native Method) ~[?:?]
	at jdk.internal.reflect.NativeMethodAccessorImpl.invoke(Unknown Source) ~[?:?]
	at jdk.internal.reflect.DelegatingMethodAccessorImpl.invoke(Unknown Source) ~[?:?]
	at java.lang.reflect.Method.invoke(Unknown Source) ~[?:?]
	at org.springframework.boot.loader.MainMethodRunner.run(MainMethodRunner.java:49) [app.jar:0.0.1-SNAPSHOT]
	at org.springframework.boot.loader.Launcher.launch(Launcher.java:95) [app.jar:0.0.1-SNAPSHOT]
	at org.springframework.boot.loader.Launcher.launch(Launcher.java:58) [app.jar:0.0.1-SNAPSHOT]
	at org.springframework.boot.loader.JarLauncher.main(JarLauncher.java:65) [app.jar:0.0.1-SNAPSHOT]
2025-04-23 19:26:31.388 [main] ERROR com.example.fixsimulator.FixSimulatorApplication - Dosya bulunamadı: config/rates-config.json
2025-04-23 19:26:31.392 [main] ERROR com.example.fixsimulator.FixSimulatorApplication - Uygulama başlatılırken hata oluştu
java.lang.RuntimeException: Gerekli dosya bulunamadı: config/rates-config.json
	at com.example.fixsimulator.FixSimulatorApplication.checkFileExists(FixSimulatorApplication.java:93) ~[classes!/:0.0.1-SNAPSHOT]
	at com.example.fixsimulator.FixSimulatorApplication.main(FixSimulatorApplication.java:37) [classes!/:0.0.1-SNAPSHOT]
	at jdk.internal.reflect.NativeMethodAccessorImpl.invoke0(Native Method) ~[?:?]
	at jdk.internal.reflect.NativeMethodAccessorImpl.invoke(Unknown Source) ~[?:?]
	at jdk.internal.reflect.DelegatingMethodAccessorImpl.invoke(Unknown Source) ~[?:?]
	at java.lang.reflect.Method.invoke(Unknown Source) ~[?:?]
	at org.springframework.boot.loader.MainMethodRunner.run(MainMethodRunner.java:49) [app.jar:0.0.1-SNAPSHOT]
	at org.springframework.boot.loader.Launcher.launch(Launcher.java:95) [app.jar:0.0.1-SNAPSHOT]
	at org.springframework.boot.loader.Launcher.launch(Launcher.java:58) [app.jar:0.0.1-SNAPSHOT]
	at org.springframework.boot.loader.JarLauncher.main(JarLauncher.java:65) [app.jar:0.0.1-SNAPSHOT]
2025-04-23 19:27:32.486 [main] ERROR com.example.fixsimulator.FixSimulatorApplication - Dosya bulunamadı: config/rates-config.json
2025-04-23 19:27:32.489 [main] ERROR com.example.fixsimulator.FixSimulatorApplication - Uygulama başlatılırken hata oluştu
java.lang.RuntimeException: Gerekli dosya bulunamadı: config/rates-config.json
	at com.example.fixsimulator.FixSimulatorApplication.checkFileExists(FixSimulatorApplication.java:93) ~[classes!/:0.0.1-SNAPSHOT]
	at com.example.fixsimulator.FixSimulatorApplication.main(FixSimulatorApplication.java:37) [classes!/:0.0.1-SNAPSHOT]
	at jdk.internal.reflect.NativeMethodAccessorImpl.invoke0(Native Method) ~[?:?]
	at jdk.internal.reflect.NativeMethodAccessorImpl.invoke(Unknown Source) ~[?:?]
	at jdk.internal.reflect.DelegatingMethodAccessorImpl.invoke(Unknown Source) ~[?:?]
	at java.lang.reflect.Method.invoke(Unknown Source) ~[?:?]
	at org.springframework.boot.loader.MainMethodRunner.run(MainMethodRunner.java:49) [app.jar:0.0.1-SNAPSHOT]
	at org.springframework.boot.loader.Launcher.launch(Launcher.java:95) [app.jar:0.0.1-SNAPSHOT]
	at org.springframework.boot.loader.Launcher.launch(Launcher.java:58) [app.jar:0.0.1-SNAPSHOT]
	at org.springframework.boot.loader.JarLauncher.main(JarLauncher.java:65) [app.jar:0.0.1-SNAPSHOT]
2025-04-23 19:28:33.580 [main] ERROR com.example.fixsimulator.FixSimulatorApplication - Dosya bulunamadı: config/rates-config.json
2025-04-23 19:28:33.585 [main] ERROR com.example.fixsimulator.FixSimulatorApplication - Uygulama başlatılırken hata oluştu
java.lang.RuntimeException: Gerekli dosya bulunamadı: config/rates-config.json
	at com.example.fixsimulator.FixSimulatorApplication.checkFileExists(FixSimulatorApplication.java:93) ~[classes!/:0.0.1-SNAPSHOT]
	at com.example.fixsimulator.FixSimulatorApplication.main(FixSimulatorApplication.java:37) [classes!/:0.0.1-SNAPSHOT]
	at jdk.internal.reflect.NativeMethodAccessorImpl.invoke0(Native Method) ~[?:?]
	at jdk.internal.reflect.NativeMethodAccessorImpl.invoke(Unknown Source) ~[?:?]
	at jdk.internal.reflect.DelegatingMethodAccessorImpl.invoke(Unknown Source) ~[?:?]
	at java.lang.reflect.Method.invoke(Unknown Source) ~[?:?]
	at org.springframework.boot.loader.MainMethodRunner.run(MainMethodRunner.java:49) [app.jar:0.0.1-SNAPSHOT]
	at org.springframework.boot.loader.Launcher.launch(Launcher.java:95) [app.jar:0.0.1-SNAPSHOT]
	at org.springframework.boot.loader.Launcher.launch(Launcher.java:58) [app.jar:0.0.1-SNAPSHOT]
	at org.springframework.boot.loader.JarLauncher.main(JarLauncher.java:65) [app.jar:0.0.1-SNAPSHOT]
2025-04-23 19:29:34.660 [main] ERROR com.example.fixsimulator.FixSimulatorApplication - Dosya bulunamadı: config/rates-config.json
2025-04-23 19:29:34.666 [main] ERROR com.example.fixsimulator.FixSimulatorApplication - Uygulama başlatılırken hata oluştu
java.lang.RuntimeException: Gerekli dosya bulunamadı: config/rates-config.json
	at com.example.fixsimulator.FixSimulatorApplication.checkFileExists(FixSimulatorApplication.java:93) ~[classes!/:0.0.1-SNAPSHOT]
	at com.example.fixsimulator.FixSimulatorApplication.main(FixSimulatorApplication.java:37) [classes!/:0.0.1-SNAPSHOT]
	at jdk.internal.reflect.NativeMethodAccessorImpl.invoke0(Native Method) ~[?:?]
	at jdk.internal.reflect.NativeMethodAccessorImpl.invoke(Unknown Source) ~[?:?]
	at jdk.internal.reflect.DelegatingMethodAccessorImpl.invoke(Unknown Source) ~[?:?]
	at java.lang.reflect.Method.invoke(Unknown Source) ~[?:?]
	at org.springframework.boot.loader.MainMethodRunner.run(MainMethodRunner.java:49) [app.jar:0.0.1-SNAPSHOT]
	at org.springframework.boot.loader.Launcher.launch(Launcher.java:95) [app.jar:0.0.1-SNAPSHOT]
	at org.springframework.boot.loader.Launcher.launch(Launcher.java:58) [app.jar:0.0.1-SNAPSHOT]
	at org.springframework.boot.loader.JarLauncher.main(JarLauncher.java:65) [app.jar:0.0.1-SNAPSHOT]
