2025-04-05 00:00:00.015 [DataCollector-PF1] INFO  com.example.mainapp.collector.impl.TCPPlatformConnector - Connecting to TCP server localhost:8081 for platform PF1 (attempt 3/3)
2025-04-05 00:00:00.015 [main] INFO  com.example.mainapp.collector.impl.TCPPlatformConnector - Connecting to TCP server localhost:8081 for platform PF1 (attempt 3/3)
2025-04-05 00:00:00.046 [main] ERROR com.example.mainapp.collector.impl.TCPPlatformConnector - Connection refused to TCP server localhost:8081 for platform PF1 (attempt 3/3)
2025-04-05 00:00:00.047 [main] ERROR com.example.mainapp.collector.impl.TCPPlatformConnector - Failed to connect to platform after 3 attempts: PF1
2025-04-05 00:00:00.046 [DataCollector-PF1] ERROR com.example.mainapp.collector.impl.TCPPlatformConnector - Connection refused to TCP server localhost:8081 for platform PF1 (attempt 3/3)
2025-04-05 00:00:00.047 [main] INFO  com.example.mainapp.coordinator.impl.DefaultCoordinator - Platform PF1 connection status: false
2025-04-05 00:00:00.047 [DataCollector-PF1] ERROR com.example.mainapp.collector.impl.TCPPlatformConnector - Failed to connect to platform after 3 attempts: PF1
2025-04-05 00:00:00.048 [main] ERROR com.example.mainapp.collector.impl.RestPlatformConnector - Cannot subscribe - not connected to platform: PF2
2025-04-05 00:00:00.048 [DataCollector-PF1] INFO  com.example.mainapp.coordinator.impl.DefaultCoordinator - Platform PF1 connection status: false
2025-04-05 00:00:00.048 [main] WARN  com.example.mainapp.MainAppApplication - Failed to subscribe to rate: PF1_USDTRY
2025-04-05 00:00:00.048 [DataCollector-PF1] ERROR com.example.mainapp.collector.impl.TCPPlatformConnector - Could not establish initial connection to platform: PF1
2025-04-05 00:00:00.048 [main] INFO  com.example.mainapp.coordinator.impl.DefaultCoordinator - Subscribing to rate PF1_EURUSD on all platforms
2025-04-05 00:00:00.049 [main] ERROR com.example.mainapp.collector.impl.TCPPlatformConnector - Cannot subscribe - not connected to platform: PF1
2025-04-05 00:00:00.049 [main] INFO  com.example.mainapp.collector.impl.TCPPlatformConnector - Connecting to TCP server localhost:8081 for platform PF1 (attempt 1/3)
2025-04-05 00:00:00.049 [DataCollector-PF1] INFO  com.example.mainapp.collector.impl.TCPPlatformConnector - Connecting to TCP server localhost:8081 for platform PF1 (attempt 1/3)
2025-04-05 00:00:00.050 [main] ERROR com.example.mainapp.collector.impl.TCPPlatformConnector - Connection refused to TCP server localhost:8081 for platform PF1 (attempt 1/3)
2025-04-05 00:00:00.050 [DataCollector-PF1] ERROR com.example.mainapp.collector.impl.TCPPlatformConnector - Connection refused to TCP server localhost:8081 for platform PF1 (attempt 1/3)
2025-04-05 00:00:00.050 [main] INFO  com.example.mainapp.collector.impl.TCPPlatformConnector - Waiting 5000 ms before retry...
2025-04-05 00:00:00.050 [DataCollector-PF1] INFO  com.example.mainapp.collector.impl.TCPPlatformConnector - Waiting 5000 ms before retry...
2025-04-05 00:00:04.987 [scheduling-1] DEBUG com.example.mainapp.services.impl.RateProcessor - Calculating derived rates
2025-04-05 00:00:05.051 [main] INFO  com.example.mainapp.collector.impl.TCPPlatformConnector - Connecting to TCP server localhost:8081 for platform PF1 (attempt 2/3)
2025-04-05 00:00:05.051 [DataCollector-PF1] INFO  com.example.mainapp.collector.impl.TCPPlatformConnector - Connecting to TCP server localhost:8081 for platform PF1 (attempt 2/3)
2025-04-05 00:00:05.052 [main] ERROR com.example.mainapp.collector.impl.TCPPlatformConnector - Connection refused to TCP server localhost:8081 for platform PF1 (attempt 2/3)
2025-04-05 00:00:05.052 [DataCollector-PF1] ERROR com.example.mainapp.collector.impl.TCPPlatformConnector - Connection refused to TCP server localhost:8081 for platform PF1 (attempt 2/3)
2025-04-05 00:00:05.053 [main] INFO  com.example.mainapp.collector.impl.TCPPlatformConnector - Waiting 5000 ms before retry...
2025-04-05 00:00:05.053 [DataCollector-PF1] INFO  com.example.mainapp.collector.impl.TCPPlatformConnector - Waiting 5000 ms before retry...
2025-04-05 00:00:09.987 [scheduling-1] DEBUG com.example.mainapp.services.impl.RateProcessor - Calculating derived rates
2025-04-05 00:00:10.054 [main] INFO  com.example.mainapp.collector.impl.TCPPlatformConnector - Connecting to TCP server localhost:8081 for platform PF1 (attempt 3/3)
2025-04-05 00:00:10.054 [DataCollector-PF1] INFO  com.example.mainapp.collector.impl.TCPPlatformConnector - Connecting to TCP server localhost:8081 for platform PF1 (attempt 3/3)
2025-04-05 00:00:10.055 [main] ERROR com.example.mainapp.collector.impl.TCPPlatformConnector - Connection refused to TCP server localhost:8081 for platform PF1 (attempt 3/3)
2025-04-05 00:00:10.056 [DataCollector-PF1] ERROR com.example.mainapp.collector.impl.TCPPlatformConnector - Connection refused to TCP server localhost:8081 for platform PF1 (attempt 3/3)
2025-04-05 00:00:10.056 [main] ERROR com.example.mainapp.collector.impl.TCPPlatformConnector - Failed to connect to platform after 3 attempts: PF1
2025-04-05 00:00:10.056 [DataCollector-PF1] ERROR com.example.mainapp.collector.impl.TCPPlatformConnector - Failed to connect to platform after 3 attempts: PF1
2025-04-05 00:00:10.057 [main] INFO  com.example.mainapp.coordinator.impl.DefaultCoordinator - Platform PF1 connection status: false
2025-04-05 00:00:10.057 [main] ERROR com.example.mainapp.collector.impl.RestPlatformConnector - Cannot subscribe - not connected to platform: PF2
2025-04-05 00:00:10.057 [DataCollector-PF1] INFO  com.example.mainapp.coordinator.impl.DefaultCoordinator - Platform PF1 connection status: false
2025-04-05 00:00:10.058 [main] WARN  com.example.mainapp.MainAppApplication - Failed to subscribe to rate: PF1_EURUSD
2025-04-05 00:00:10.058 [main] INFO  com.example.mainapp.coordinator.impl.DefaultCoordinator - Subscribing to rate PF1_GBPUSD on all platforms
2025-04-05 00:00:10.059 [main] ERROR com.example.mainapp.collector.impl.TCPPlatformConnector - Cannot subscribe - not connected to platform: PF1
2025-04-05 00:00:10.059 [main] INFO  com.example.mainapp.collector.impl.TCPPlatformConnector - Connecting to TCP server localhost:8081 for platform PF1 (attempt 1/3)
2025-04-05 00:00:10.060 [main] ERROR com.example.mainapp.collector.impl.TCPPlatformConnector - Connection refused to TCP server localhost:8081 for platform PF1 (attempt 1/3)
2025-04-05 00:00:10.060 [main] INFO  com.example.mainapp.collector.impl.TCPPlatformConnector - Waiting 5000 ms before retry...
2025-04-05 00:00:14.987 [scheduling-1] DEBUG com.example.mainapp.services.impl.RateProcessor - Calculating derived rates
2025-04-05 00:00:15.058 [DataCollector-PF1] INFO  com.example.mainapp.collector.impl.TCPPlatformConnector - Connecting to TCP server localhost:8081 for platform PF1 (attempt 1/3)
2025-04-05 00:00:15.060 [DataCollector-PF1] ERROR com.example.mainapp.collector.impl.TCPPlatformConnector - Connection refused to TCP server localhost:8081 for platform PF1 (attempt 1/3)
2025-04-05 00:00:15.060 [DataCollector-PF1] INFO  com.example.mainapp.collector.impl.TCPPlatformConnector - Waiting 5000 ms before retry...
2025-04-05 00:00:15.060 [main] INFO  com.example.mainapp.collector.impl.TCPPlatformConnector - Connecting to TCP server localhost:8081 for platform PF1 (attempt 2/3)
2025-04-05 00:00:15.061 [main] ERROR com.example.mainapp.collector.impl.TCPPlatformConnector - Connection refused to TCP server localhost:8081 for platform PF1 (attempt 2/3)
2025-04-05 00:00:15.061 [main] INFO  com.example.mainapp.collector.impl.TCPPlatformConnector - Waiting 5000 ms before retry...
2025-04-05 00:00:19.987 [scheduling-1] DEBUG com.example.mainapp.services.impl.RateProcessor - Calculating derived rates
2025-04-05 00:00:20.061 [DataCollector-PF1] INFO  com.example.mainapp.collector.impl.TCPPlatformConnector - Connecting to TCP server localhost:8081 for platform PF1 (attempt 2/3)
2025-04-05 00:00:20.062 [DataCollector-PF1] ERROR com.example.mainapp.collector.impl.TCPPlatformConnector - Connection refused to TCP server localhost:8081 for platform PF1 (attempt 2/3)
2025-04-05 00:00:20.062 [main] INFO  com.example.mainapp.collector.impl.TCPPlatformConnector - Connecting to TCP server localhost:8081 for platform PF1 (attempt 3/3)
2025-04-05 00:00:20.063 [DataCollector-PF1] INFO  com.example.mainapp.collector.impl.TCPPlatformConnector - Waiting 5000 ms before retry...
2025-04-05 00:00:20.063 [main] ERROR com.example.mainapp.collector.impl.TCPPlatformConnector - Connection refused to TCP server localhost:8081 for platform PF1 (attempt 3/3)
2025-04-05 00:00:20.064 [main] ERROR com.example.mainapp.collector.impl.TCPPlatformConnector - Failed to connect to platform after 3 attempts: PF1
2025-04-05 00:00:20.066 [main] INFO  com.example.mainapp.coordinator.impl.DefaultCoordinator - Platform PF1 connection status: false
2025-04-05 00:00:20.066 [main] ERROR com.example.mainapp.collector.impl.RestPlatformConnector - Cannot subscribe - not connected to platform: PF2
2025-04-05 00:00:20.067 [main] WARN  com.example.mainapp.MainAppApplication - Failed to subscribe to rate: PF1_GBPUSD
2025-04-05 00:00:20.067 [main] INFO  com.example.mainapp.coordinator.impl.DefaultCoordinator - Subscribing to rate PF2_USDTRY on all platforms
2025-04-05 00:00:20.068 [main] ERROR com.example.mainapp.collector.impl.TCPPlatformConnector - Cannot subscribe - not connected to platform: PF1
2025-04-05 00:00:20.068 [main] INFO  com.example.mainapp.collector.impl.TCPPlatformConnector - Connecting to TCP server localhost:8081 for platform PF1 (attempt 1/3)
2025-04-05 00:00:20.068 [main] ERROR com.example.mainapp.collector.impl.TCPPlatformConnector - Connection refused to TCP server localhost:8081 for platform PF1 (attempt 1/3)
2025-04-05 00:00:20.069 [main] INFO  com.example.mainapp.collector.impl.TCPPlatformConnector - Waiting 5000 ms before retry...
2025-04-05 00:00:24.986 [scheduling-1] DEBUG com.example.mainapp.services.impl.RateProcessor - Calculating derived rates
2025-04-05 00:00:25.063 [DataCollector-PF1] INFO  com.example.mainapp.collector.impl.TCPPlatformConnector - Connecting to TCP server localhost:8081 for platform PF1 (attempt 3/3)
2025-04-05 00:00:25.064 [DataCollector-PF1] ERROR com.example.mainapp.collector.impl.TCPPlatformConnector - Connection refused to TCP server localhost:8081 for platform PF1 (attempt 3/3)
2025-04-05 00:00:25.064 [DataCollector-PF1] ERROR com.example.mainapp.collector.impl.TCPPlatformConnector - Failed to connect to platform after 3 attempts: PF1
2025-04-05 00:00:25.065 [DataCollector-PF1] INFO  com.example.mainapp.coordinator.impl.DefaultCoordinator - Platform PF1 connection status: false
2025-04-05 00:00:25.068 [main] INFO  com.example.mainapp.collector.impl.TCPPlatformConnector - Connecting to TCP server localhost:8081 for platform PF1 (attempt 2/3)
2025-04-05 00:00:25.069 [main] ERROR com.example.mainapp.collector.impl.TCPPlatformConnector - Connection refused to TCP server localhost:8081 for platform PF1 (attempt 2/3)
2025-04-05 00:00:25.070 [main] INFO  com.example.mainapp.collector.impl.TCPPlatformConnector - Waiting 5000 ms before retry...
2025-04-05 00:00:29.986 [scheduling-1] DEBUG com.example.mainapp.services.impl.RateProcessor - Calculating derived rates
2025-04-05 00:00:30.065 [DataCollector-PF1] INFO  com.example.mainapp.collector.impl.TCPPlatformConnector - Connecting to TCP server localhost:8081 for platform PF1 (attempt 1/3)
2025-04-05 00:00:30.067 [DataCollector-PF1] ERROR com.example.mainapp.collector.impl.TCPPlatformConnector - Connection refused to TCP server localhost:8081 for platform PF1 (attempt 1/3)
2025-04-05 00:00:30.067 [DataCollector-PF1] INFO  com.example.mainapp.collector.impl.TCPPlatformConnector - Waiting 5000 ms before retry...
2025-04-05 00:00:30.070 [main] INFO  com.example.mainapp.collector.impl.TCPPlatformConnector - Connecting to TCP server localhost:8081 for platform PF1 (attempt 3/3)
2025-04-05 00:00:30.071 [main] ERROR com.example.mainapp.collector.impl.TCPPlatformConnector - Connection refused to TCP server localhost:8081 for platform PF1 (attempt 3/3)
2025-04-05 00:00:30.072 [main] ERROR com.example.mainapp.collector.impl.TCPPlatformConnector - Failed to connect to platform after 3 attempts: PF1
2025-04-05 00:00:30.072 [main] INFO  com.example.mainapp.coordinator.impl.DefaultCoordinator - Platform PF1 connection status: false
2025-04-05 00:00:30.073 [main] ERROR com.example.mainapp.collector.impl.RestPlatformConnector - Cannot subscribe - not connected to platform: PF2
2025-04-05 00:00:30.073 [main] WARN  com.example.mainapp.MainAppApplication - Failed to subscribe to rate: PF2_USDTRY
2025-04-05 00:00:30.073 [main] INFO  com.example.mainapp.coordinator.impl.DefaultCoordinator - Subscribing to rate PF2_EURUSD on all platforms
2025-04-05 00:00:30.073 [main] ERROR com.example.mainapp.collector.impl.TCPPlatformConnector - Cannot subscribe - not connected to platform: PF1
2025-04-05 00:00:30.074 [main] INFO  com.example.mainapp.collector.impl.TCPPlatformConnector - Connecting to TCP server localhost:8081 for platform PF1 (attempt 1/3)
2025-04-05 00:00:30.074 [main] ERROR com.example.mainapp.collector.impl.TCPPlatformConnector - Connection refused to TCP server localhost:8081 for platform PF1 (attempt 1/3)
2025-04-05 00:00:30.074 [main] INFO  com.example.mainapp.collector.impl.TCPPlatformConnector - Waiting 5000 ms before retry...
2025-04-05 00:00:34.986 [scheduling-1] DEBUG com.example.mainapp.services.impl.RateProcessor - Calculating derived rates
2025-04-05 00:00:35.068 [DataCollector-PF1] INFO  com.example.mainapp.collector.impl.TCPPlatformConnector - Connecting to TCP server localhost:8081 for platform PF1 (attempt 2/3)
2025-04-05 00:00:35.071 [DataCollector-PF1] ERROR com.example.mainapp.collector.impl.TCPPlatformConnector - Connection refused to TCP server localhost:8081 for platform PF1 (attempt 2/3)
2025-04-05 00:00:35.072 [DataCollector-PF1] INFO  com.example.mainapp.collector.impl.TCPPlatformConnector - Waiting 5000 ms before retry...
2025-04-05 00:00:35.075 [main] INFO  com.example.mainapp.collector.impl.TCPPlatformConnector - Connecting to TCP server localhost:8081 for platform PF1 (attempt 2/3)
2025-04-05 00:00:35.076 [main] ERROR com.example.mainapp.collector.impl.TCPPlatformConnector - Connection refused to TCP server localhost:8081 for platform PF1 (attempt 2/3)
2025-04-05 00:00:35.076 [main] INFO  com.example.mainapp.collector.impl.TCPPlatformConnector - Waiting 5000 ms before retry...
2025-04-05 00:00:39.986 [scheduling-1] DEBUG com.example.mainapp.services.impl.RateProcessor - Calculating derived rates
2025-04-05 00:00:40.073 [DataCollector-PF1] INFO  com.example.mainapp.collector.impl.TCPPlatformConnector - Connecting to TCP server localhost:8081 for platform PF1 (attempt 3/3)
2025-04-05 00:00:40.076 [DataCollector-PF1] ERROR com.example.mainapp.collector.impl.TCPPlatformConnector - Connection refused to TCP server localhost:8081 for platform PF1 (attempt 3/3)
2025-04-05 00:00:40.076 [main] INFO  com.example.mainapp.collector.impl.TCPPlatformConnector - Connecting to TCP server localhost:8081 for platform PF1 (attempt 3/3)
2025-04-05 00:00:40.076 [DataCollector-PF1] ERROR com.example.mainapp.collector.impl.TCPPlatformConnector - Failed to connect to platform after 3 attempts: PF1
2025-04-05 00:00:40.077 [main] ERROR com.example.mainapp.collector.impl.TCPPlatformConnector - Connection refused to TCP server localhost:8081 for platform PF1 (attempt 3/3)
2025-04-05 00:00:40.077 [DataCollector-PF1] INFO  com.example.mainapp.coordinator.impl.DefaultCoordinator - Platform PF1 connection status: false
2025-04-05 00:00:40.078 [main] ERROR com.example.mainapp.collector.impl.TCPPlatformConnector - Failed to connect to platform after 3 attempts: PF1
2025-04-05 00:00:40.079 [main] INFO  com.example.mainapp.coordinator.impl.DefaultCoordinator - Platform PF1 connection status: false
2025-04-05 00:00:40.080 [main] ERROR com.example.mainapp.collector.impl.RestPlatformConnector - Cannot subscribe - not connected to platform: PF2
2025-04-05 00:00:40.080 [main] WARN  com.example.mainapp.MainAppApplication - Failed to subscribe to rate: PF2_EURUSD
2025-04-05 00:00:40.080 [main] INFO  com.example.mainapp.coordinator.impl.DefaultCoordinator - Subscribing to rate PF2_GBPUSD on all platforms
2025-04-05 00:00:40.081 [main] ERROR com.example.mainapp.collector.impl.TCPPlatformConnector - Cannot subscribe - not connected to platform: PF1
2025-04-05 00:00:40.081 [main] INFO  com.example.mainapp.collector.impl.TCPPlatformConnector - Connecting to TCP server localhost:8081 for platform PF1 (attempt 1/3)
2025-04-05 00:00:40.081 [main] ERROR com.example.mainapp.collector.impl.TCPPlatformConnector - Connection refused to TCP server localhost:8081 for platform PF1 (attempt 1/3)
2025-04-05 00:00:40.082 [main] INFO  com.example.mainapp.collector.impl.TCPPlatformConnector - Waiting 5000 ms before retry...
2025-04-05 00:00:44.986 [scheduling-1] DEBUG com.example.mainapp.services.impl.RateProcessor - Calculating derived rates
2025-04-05 00:00:45.078 [DataCollector-PF1] INFO  com.example.mainapp.collector.impl.TCPPlatformConnector - Connecting to TCP server localhost:8081 for platform PF1 (attempt 1/3)
2025-04-05 00:00:45.079 [DataCollector-PF1] ERROR com.example.mainapp.collector.impl.TCPPlatformConnector - Connection refused to TCP server localhost:8081 for platform PF1 (attempt 1/3)
2025-04-05 00:00:45.079 [DataCollector-PF1] INFO  com.example.mainapp.collector.impl.TCPPlatformConnector - Waiting 5000 ms before retry...
2025-04-05 00:00:45.082 [main] INFO  com.example.mainapp.collector.impl.TCPPlatformConnector - Connecting to TCP server localhost:8081 for platform PF1 (attempt 2/3)
2025-04-05 00:00:45.083 [main] ERROR com.example.mainapp.collector.impl.TCPPlatformConnector - Connection refused to TCP server localhost:8081 for platform PF1 (attempt 2/3)
2025-04-05 00:00:45.083 [main] INFO  com.example.mainapp.collector.impl.TCPPlatformConnector - Waiting 5000 ms before retry...
2025-04-05 00:00:49.986 [scheduling-1] DEBUG com.example.mainapp.services.impl.RateProcessor - Calculating derived rates
2025-04-05 00:00:50.005 [pool-4-thread-1] ERROR com.example.mainapp.collector.DataCollector - Platform PF1 health check failed, sending alert
2025-04-05 00:00:50.006 [pool-4-thread-1] INFO  com.example.mainapp.collector.DataCollector - Attempting to reconnect to platform: PF1
2025-04-05 00:00:50.006 [pool-4-thread-1] WARN  com.example.mainapp.collector.impl.TCPPlatformConnector - Not connected to platform: PF1
2025-04-05 00:00:50.006 [pool-5-thread-1] ERROR com.example.mainapp.collector.DataCollector - Platform PF2 health check failed, sending alert
2025-04-05 00:00:50.006 [pool-4-thread-1] INFO  com.example.mainapp.collector.impl.TCPPlatformConnector - Connecting to TCP server localhost:8081 for platform PF1 (attempt 1/3)
2025-04-05 00:00:50.006 [pool-5-thread-1] INFO  com.example.mainapp.collector.DataCollector - Attempting to reconnect to platform: PF2
2025-04-05 00:00:50.007 [pool-5-thread-1] WARN  com.example.mainapp.collector.impl.RestPlatformConnector - Not connected to platform: PF2
2025-04-05 00:00:50.007 [pool-4-thread-1] ERROR com.example.mainapp.collector.impl.TCPPlatformConnector - Connection refused to TCP server localhost:8081 for platform PF1 (attempt 1/3)
2025-04-05 00:00:50.007 [pool-5-thread-1] INFO  com.example.mainapp.collector.impl.RestPlatformConnector - Connecting to REST API http://localhost:8080/api/rates for platform PF2
2025-04-05 00:00:50.007 [pool-4-thread-1] INFO  com.example.mainapp.collector.impl.TCPPlatformConnector - Waiting 5000 ms before retry...
2025-04-05 00:00:50.008 [pool-5-thread-1] ERROR com.example.mainapp.collector.impl.RestPlatformConnector - Failed to connect to platform: PF2
org.springframework.web.client.ResourceAccessException: I/O error on GET request for "http://localhost:8080/api/rates": Connection refused
	at org.springframework.web.client.RestTemplate.createResourceAccessException(RestTemplate.java:888) ~[spring-web-6.0.13.jar!/:6.0.13]
	at org.springframework.web.client.RestTemplate.doExecute(RestTemplate.java:868) ~[spring-web-6.0.13.jar!/:6.0.13]
	at org.springframework.web.client.RestTemplate.execute(RestTemplate.java:764) ~[spring-web-6.0.13.jar!/:6.0.13]
	at org.springframework.web.client.RestTemplate.getForEntity(RestTemplate.java:405) ~[spring-web-6.0.13.jar!/:6.0.13]
	at com.example.mainapp.collector.impl.RestPlatformConnector.connect(RestPlatformConnector.java:64) ~[classes!/:0.0.1-SNAPSHOT]
	at com.example.mainapp.collector.DataCollector.lambda$scheduleHealthCheck$2(DataCollector.java:160) ~[classes!/:0.0.1-SNAPSHOT]
	at java.util.concurrent.Executors$RunnableAdapter.call(Unknown Source) [?:?]
	at java.util.concurrent.FutureTask.runAndReset(Unknown Source) [?:?]
	at java.util.concurrent.ScheduledThreadPoolExecutor$ScheduledFutureTask.run(Unknown Source) [?:?]
	at java.util.concurrent.ThreadPoolExecutor.runWorker(Unknown Source) [?:?]
	at java.util.concurrent.ThreadPoolExecutor$Worker.run(Unknown Source) [?:?]
	at java.lang.Thread.run(Unknown Source) [?:?]
Caused by: java.net.ConnectException: Connection refused
	at sun.nio.ch.Net.connect0(Native Method) ~[?:?]
	at sun.nio.ch.Net.connect(Unknown Source) ~[?:?]
	at sun.nio.ch.Net.connect(Unknown Source) ~[?:?]
	at sun.nio.ch.NioSocketImpl.connect(Unknown Source) ~[?:?]
	at java.net.Socket.connect(Unknown Source) ~[?:?]
	at java.net.Socket.connect(Unknown Source) ~[?:?]
	at sun.net.NetworkClient.doConnect(Unknown Source) ~[?:?]
	at sun.net.www.http.HttpClient.openServer(Unknown Source) ~[?:?]
	at sun.net.www.http.HttpClient.openServer(Unknown Source) ~[?:?]
	at sun.net.www.http.HttpClient.<init>(Unknown Source) ~[?:?]
	at sun.net.www.http.HttpClient.New(Unknown Source) ~[?:?]
	at sun.net.www.http.HttpClient.New(Unknown Source) ~[?:?]
	at sun.net.www.protocol.http.HttpURLConnection.getNewHttpClient(Unknown Source) ~[?:?]
	at sun.net.www.protocol.http.HttpURLConnection.plainConnect0(Unknown Source) ~[?:?]
	at sun.net.www.protocol.http.HttpURLConnection.plainConnect(Unknown Source) ~[?:?]
	at sun.net.www.protocol.http.HttpURLConnection.connect(Unknown Source) ~[?:?]
	at org.springframework.http.client.SimpleBufferingClientHttpRequest.executeInternal(SimpleBufferingClientHttpRequest.java:75) ~[spring-web-6.0.13.jar!/:6.0.13]
	at org.springframework.http.client.AbstractBufferingClientHttpRequest.executeInternal(AbstractBufferingClientHttpRequest.java:48) ~[spring-web-6.0.13.jar!/:6.0.13]
	at org.springframework.http.client.AbstractClientHttpRequest.execute(AbstractClientHttpRequest.java:66) ~[spring-web-6.0.13.jar!/:6.0.13]
	at org.springframework.web.client.RestTemplate.doExecute(RestTemplate.java:862) ~[spring-web-6.0.13.jar!/:6.0.13]
	... 10 more
2025-04-05 00:00:50.010 [pool-5-thread-1] INFO  com.example.mainapp.coordinator.impl.DefaultCoordinator - Platform PF2 connection status: false
2025-04-05 00:00:50.080 [DataCollector-PF1] INFO  com.example.mainapp.collector.impl.TCPPlatformConnector - Connecting to TCP server localhost:8081 for platform PF1 (attempt 2/3)
2025-04-05 00:00:50.081 [DataCollector-PF1] ERROR com.example.mainapp.collector.impl.TCPPlatformConnector - Connection refused to TCP server localhost:8081 for platform PF1 (attempt 2/3)
2025-04-05 00:00:50.082 [DataCollector-PF1] INFO  com.example.mainapp.collector.impl.TCPPlatformConnector - Waiting 5000 ms before retry...
2025-04-05 00:00:50.083 [main] INFO  com.example.mainapp.collector.impl.TCPPlatformConnector - Connecting to TCP server localhost:8081 for platform PF1 (attempt 3/3)
2025-04-05 00:00:50.084 [main] ERROR com.example.mainapp.collector.impl.TCPPlatformConnector - Connection refused to TCP server localhost:8081 for platform PF1 (attempt 3/3)
2025-04-05 00:00:50.085 [main] ERROR com.example.mainapp.collector.impl.TCPPlatformConnector - Failed to connect to platform after 3 attempts: PF1
2025-04-05 00:00:50.085 [main] INFO  com.example.mainapp.coordinator.impl.DefaultCoordinator - Platform PF1 connection status: false
2025-04-05 00:00:50.085 [main] ERROR com.example.mainapp.collector.impl.RestPlatformConnector - Cannot subscribe - not connected to platform: PF2
2025-04-05 00:00:50.085 [main] WARN  com.example.mainapp.MainAppApplication - Failed to subscribe to rate: PF2_GBPUSD
2025-04-05 00:00:50.086 [main] INFO  com.example.mainapp.MainAppApplication - Application startup completed
2025-04-05 00:00:54.985 [scheduling-1] DEBUG com.example.mainapp.services.impl.RateProcessor - Calculating derived rates
2025-04-05 00:00:55.007 [pool-4-thread-1] INFO  com.example.mainapp.collector.impl.TCPPlatformConnector - Connecting to TCP server localhost:8081 for platform PF1 (attempt 2/3)
2025-04-05 00:00:55.008 [pool-4-thread-1] ERROR com.example.mainapp.collector.impl.TCPPlatformConnector - Connection refused to TCP server localhost:8081 for platform PF1 (attempt 2/3)
2025-04-05 00:00:55.008 [pool-4-thread-1] INFO  com.example.mainapp.collector.impl.TCPPlatformConnector - Waiting 5000 ms before retry...
2025-04-05 00:00:55.081 [DataCollector-PF1] INFO  com.example.mainapp.collector.impl.TCPPlatformConnector - Connecting to TCP server localhost:8081 for platform PF1 (attempt 3/3)
2025-04-05 00:00:55.083 [DataCollector-PF1] ERROR com.example.mainapp.collector.impl.TCPPlatformConnector - Connection refused to TCP server localhost:8081 for platform PF1 (attempt 3/3)
2025-04-05 00:00:55.083 [DataCollector-PF1] ERROR com.example.mainapp.collector.impl.TCPPlatformConnector - Failed to connect to platform after 3 attempts: PF1
2025-04-05 00:00:55.084 [DataCollector-PF1] INFO  com.example.mainapp.coordinator.impl.DefaultCoordinator - Platform PF1 connection status: false
2025-04-05 00:00:59.985 [scheduling-1] DEBUG com.example.mainapp.services.impl.RateProcessor - Calculating derived rates
2025-04-05 00:01:00.009 [pool-4-thread-1] INFO  com.example.mainapp.collector.impl.TCPPlatformConnector - Connecting to TCP server localhost:8081 for platform PF1 (attempt 3/3)
2025-04-05 00:01:00.011 [pool-4-thread-1] ERROR com.example.mainapp.collector.impl.TCPPlatformConnector - Connection refused to TCP server localhost:8081 for platform PF1 (attempt 3/3)
2025-04-05 00:01:00.011 [pool-4-thread-1] ERROR com.example.mainapp.collector.impl.TCPPlatformConnector - Failed to connect to platform after 3 attempts: PF1
2025-04-05 00:01:00.012 [pool-4-thread-1] INFO  com.example.mainapp.coordinator.impl.DefaultCoordinator - Platform PF1 connection status: false
2025-04-05 00:01:00.084 [DataCollector-PF1] INFO  com.example.mainapp.collector.impl.TCPPlatformConnector - Connecting to TCP server localhost:8081 for platform PF1 (attempt 1/3)
2025-04-05 00:01:00.085 [DataCollector-PF1] ERROR com.example.mainapp.collector.impl.TCPPlatformConnector - Connection refused to TCP server localhost:8081 for platform PF1 (attempt 1/3)
2025-04-05 00:01:00.086 [DataCollector-PF1] INFO  com.example.mainapp.collector.impl.TCPPlatformConnector - Waiting 5000 ms before retry...
2025-04-05 00:01:04.986 [scheduling-1] DEBUG com.example.mainapp.services.impl.RateProcessor - Calculating derived rates
2025-04-05 00:01:05.087 [DataCollector-PF1] INFO  com.example.mainapp.collector.impl.TCPPlatformConnector - Connecting to TCP server localhost:8081 for platform PF1 (attempt 2/3)
2025-04-05 00:01:05.088 [DataCollector-PF1] ERROR com.example.mainapp.collector.impl.TCPPlatformConnector - Connection refused to TCP server localhost:8081 for platform PF1 (attempt 2/3)
2025-04-05 00:01:05.088 [DataCollector-PF1] INFO  com.example.mainapp.collector.impl.TCPPlatformConnector - Waiting 5000 ms before retry...
2025-04-05 00:01:09.985 [scheduling-1] DEBUG com.example.mainapp.services.impl.RateProcessor - Calculating derived rates
2025-04-05 00:01:10.089 [DataCollector-PF1] INFO  com.example.mainapp.collector.impl.TCPPlatformConnector - Connecting to TCP server localhost:8081 for platform PF1 (attempt 3/3)
2025-04-05 00:01:10.090 [DataCollector-PF1] ERROR com.example.mainapp.collector.impl.TCPPlatformConnector - Connection refused to TCP server localhost:8081 for platform PF1 (attempt 3/3)
2025-04-05 00:01:10.091 [DataCollector-PF1] ERROR com.example.mainapp.collector.impl.TCPPlatformConnector - Failed to connect to platform after 3 attempts: PF1
2025-04-05 00:01:10.091 [DataCollector-PF1] INFO  com.example.mainapp.coordinator.impl.DefaultCoordinator - Platform PF1 connection status: false
2025-04-05 00:01:14.985 [scheduling-1] DEBUG com.example.mainapp.services.impl.RateProcessor - Calculating derived rates
2025-04-05 00:01:15.092 [DataCollector-PF1] INFO  com.example.mainapp.collector.impl.TCPPlatformConnector - Connecting to TCP server localhost:8081 for platform PF1 (attempt 1/3)
2025-04-05 00:01:15.093 [DataCollector-PF1] ERROR com.example.mainapp.collector.impl.TCPPlatformConnector - Connection refused to TCP server localhost:8081 for platform PF1 (attempt 1/3)
2025-04-05 00:01:15.093 [DataCollector-PF1] INFO  com.example.mainapp.collector.impl.TCPPlatformConnector - Waiting 5000 ms before retry...
2025-04-05 00:01:19.986 [scheduling-1] DEBUG com.example.mainapp.services.impl.RateProcessor - Calculating derived rates
2025-04-05 00:01:20.005 [pool-5-thread-1] ERROR com.example.mainapp.collector.DataCollector - Platform PF2 health check failed, sending alert
2025-04-05 00:01:20.005 [pool-4-thread-1] ERROR com.example.mainapp.collector.DataCollector - Platform PF1 health check failed, sending alert
2025-04-05 00:01:20.006 [pool-5-thread-1] INFO  com.example.mainapp.collector.DataCollector - Attempting to reconnect to platform: PF2
2025-04-05 00:01:20.006 [pool-4-thread-1] INFO  com.example.mainapp.collector.DataCollector - Attempting to reconnect to platform: PF1
2025-04-05 00:01:20.006 [pool-5-thread-1] WARN  com.example.mainapp.collector.impl.RestPlatformConnector - Not connected to platform: PF2
2025-04-05 00:01:20.007 [pool-4-thread-1] WARN  com.example.mainapp.collector.impl.TCPPlatformConnector - Not connected to platform: PF1
2025-04-05 00:01:20.007 [pool-5-thread-1] INFO  com.example.mainapp.collector.impl.RestPlatformConnector - Connecting to REST API http://localhost:8080/api/rates for platform PF2
2025-04-05 00:01:20.008 [pool-4-thread-1] INFO  com.example.mainapp.collector.impl.TCPPlatformConnector - Connecting to TCP server localhost:8081 for platform PF1 (attempt 1/3)
2025-04-05 00:01:20.010 [pool-4-thread-1] ERROR com.example.mainapp.collector.impl.TCPPlatformConnector - Connection refused to TCP server localhost:8081 for platform PF1 (attempt 1/3)
2025-04-05 00:01:20.010 [pool-4-thread-1] INFO  com.example.mainapp.collector.impl.TCPPlatformConnector - Waiting 5000 ms before retry...
2025-04-05 00:01:20.010 [pool-5-thread-1] ERROR com.example.mainapp.collector.impl.RestPlatformConnector - Failed to connect to platform: PF2
org.springframework.web.client.ResourceAccessException: I/O error on GET request for "http://localhost:8080/api/rates": Connection refused
	at org.springframework.web.client.RestTemplate.createResourceAccessException(RestTemplate.java:888) ~[spring-web-6.0.13.jar!/:6.0.13]
	at org.springframework.web.client.RestTemplate.doExecute(RestTemplate.java:868) ~[spring-web-6.0.13.jar!/:6.0.13]
	at org.springframework.web.client.RestTemplate.execute(RestTemplate.java:764) ~[spring-web-6.0.13.jar!/:6.0.13]
	at org.springframework.web.client.RestTemplate.getForEntity(RestTemplate.java:405) ~[spring-web-6.0.13.jar!/:6.0.13]
	at com.example.mainapp.collector.impl.RestPlatformConnector.connect(RestPlatformConnector.java:64) ~[classes!/:0.0.1-SNAPSHOT]
	at com.example.mainapp.collector.DataCollector.lambda$scheduleHealthCheck$2(DataCollector.java:160) ~[classes!/:0.0.1-SNAPSHOT]
	at java.util.concurrent.Executors$RunnableAdapter.call(Unknown Source) [?:?]
	at java.util.concurrent.FutureTask.runAndReset(Unknown Source) [?:?]
	at java.util.concurrent.ScheduledThreadPoolExecutor$ScheduledFutureTask.run(Unknown Source) [?:?]
	at java.util.concurrent.ThreadPoolExecutor.runWorker(Unknown Source) [?:?]
	at java.util.concurrent.ThreadPoolExecutor$Worker.run(Unknown Source) [?:?]
	at java.lang.Thread.run(Unknown Source) [?:?]
Caused by: java.net.ConnectException: Connection refused
	at sun.nio.ch.Net.connect0(Native Method) ~[?:?]
	at sun.nio.ch.Net.connect(Unknown Source) ~[?:?]
	at sun.nio.ch.Net.connect(Unknown Source) ~[?:?]
	at sun.nio.ch.NioSocketImpl.connect(Unknown Source) ~[?:?]
	at java.net.Socket.connect(Unknown Source) ~[?:?]
	at java.net.Socket.connect(Unknown Source) ~[?:?]
	at sun.net.NetworkClient.doConnect(Unknown Source) ~[?:?]
	at sun.net.www.http.HttpClient.openServer(Unknown Source) ~[?:?]
	at sun.net.www.http.HttpClient.openServer(Unknown Source) ~[?:?]
	at sun.net.www.http.HttpClient.<init>(Unknown Source) ~[?:?]
	at sun.net.www.http.HttpClient.New(Unknown Source) ~[?:?]
	at sun.net.www.http.HttpClient.New(Unknown Source) ~[?:?]
	at sun.net.www.protocol.http.HttpURLConnection.getNewHttpClient(Unknown Source) ~[?:?]
	at sun.net.www.protocol.http.HttpURLConnection.plainConnect0(Unknown Source) ~[?:?]
	at sun.net.www.protocol.http.HttpURLConnection.plainConnect(Unknown Source) ~[?:?]
	at sun.net.www.protocol.http.HttpURLConnection.connect(Unknown Source) ~[?:?]
	at org.springframework.http.client.SimpleBufferingClientHttpRequest.executeInternal(SimpleBufferingClientHttpRequest.java:75) ~[spring-web-6.0.13.jar!/:6.0.13]
	at org.springframework.http.client.AbstractBufferingClientHttpRequest.executeInternal(AbstractBufferingClientHttpRequest.java:48) ~[spring-web-6.0.13.jar!/:6.0.13]
	at org.springframework.http.client.AbstractClientHttpRequest.execute(AbstractClientHttpRequest.java:66) ~[spring-web-6.0.13.jar!/:6.0.13]
	at org.springframework.web.client.RestTemplate.doExecute(RestTemplate.java:862) ~[spring-web-6.0.13.jar!/:6.0.13]
	... 10 more
2025-04-05 00:01:20.012 [pool-5-thread-1] INFO  com.example.mainapp.coordinator.impl.DefaultCoordinator - Platform PF2 connection status: false
2025-04-05 00:01:20.094 [DataCollector-PF1] INFO  com.example.mainapp.collector.impl.TCPPlatformConnector - Connecting to TCP server localhost:8081 for platform PF1 (attempt 2/3)
2025-04-05 00:01:20.095 [DataCollector-PF1] ERROR com.example.mainapp.collector.impl.TCPPlatformConnector - Connection refused to TCP server localhost:8081 for platform PF1 (attempt 2/3)
2025-04-05 00:01:20.096 [DataCollector-PF1] INFO  com.example.mainapp.collector.impl.TCPPlatformConnector - Waiting 5000 ms before retry...
2025-04-05 00:01:24.984 [scheduling-1] DEBUG com.example.mainapp.services.impl.RateProcessor - Calculating derived rates
2025-04-05 00:01:25.010 [pool-4-thread-1] INFO  com.example.mainapp.collector.impl.TCPPlatformConnector - Connecting to TCP server localhost:8081 for platform PF1 (attempt 2/3)
2025-04-05 00:01:25.010 [pool-4-thread-1] ERROR com.example.mainapp.collector.impl.TCPPlatformConnector - Connection refused to TCP server localhost:8081 for platform PF1 (attempt 2/3)
2025-04-05 00:01:25.011 [pool-4-thread-1] INFO  com.example.mainapp.collector.impl.TCPPlatformConnector - Waiting 5000 ms before retry...
2025-04-05 00:01:25.095 [DataCollector-PF1] INFO  com.example.mainapp.collector.impl.TCPPlatformConnector - Connecting to TCP server localhost:8081 for platform PF1 (attempt 3/3)
2025-04-05 00:01:25.096 [DataCollector-PF1] ERROR com.example.mainapp.collector.impl.TCPPlatformConnector - Connection refused to TCP server localhost:8081 for platform PF1 (attempt 3/3)
2025-04-05 00:01:25.097 [DataCollector-PF1] ERROR com.example.mainapp.collector.impl.TCPPlatformConnector - Failed to connect to platform after 3 attempts: PF1
2025-04-05 00:01:25.097 [DataCollector-PF1] INFO  com.example.mainapp.coordinator.impl.DefaultCoordinator - Platform PF1 connection status: false
2025-04-05 00:01:29.984 [scheduling-1] DEBUG com.example.mainapp.services.impl.RateProcessor - Calculating derived rates
2025-04-05 00:01:30.011 [pool-4-thread-1] INFO  com.example.mainapp.collector.impl.TCPPlatformConnector - Connecting to TCP server localhost:8081 for platform PF1 (attempt 3/3)
2025-04-05 00:01:30.012 [pool-4-thread-1] ERROR com.example.mainapp.collector.impl.TCPPlatformConnector - Connection refused to TCP server localhost:8081 for platform PF1 (attempt 3/3)
2025-04-05 00:01:30.013 [pool-4-thread-1] ERROR com.example.mainapp.collector.impl.TCPPlatformConnector - Failed to connect to platform after 3 attempts: PF1
2025-04-05 00:01:30.013 [pool-4-thread-1] INFO  com.example.mainapp.coordinator.impl.DefaultCoordinator - Platform PF1 connection status: false
2025-04-05 00:01:30.098 [DataCollector-PF1] INFO  com.example.mainapp.collector.impl.TCPPlatformConnector - Connecting to TCP server localhost:8081 for platform PF1 (attempt 1/3)
2025-04-05 00:01:30.099 [DataCollector-PF1] ERROR com.example.mainapp.collector.impl.TCPPlatformConnector - Connection refused to TCP server localhost:8081 for platform PF1 (attempt 1/3)
2025-04-05 00:01:30.099 [DataCollector-PF1] INFO  com.example.mainapp.collector.impl.TCPPlatformConnector - Waiting 5000 ms before retry...
2025-04-05 00:01:34.984 [scheduling-1] DEBUG com.example.mainapp.services.impl.RateProcessor - Calculating derived rates
2025-04-05 00:01:35.100 [DataCollector-PF1] INFO  com.example.mainapp.collector.impl.TCPPlatformConnector - Connecting to TCP server localhost:8081 for platform PF1 (attempt 2/3)
2025-04-05 00:01:35.101 [DataCollector-PF1] ERROR com.example.mainapp.collector.impl.TCPPlatformConnector - Connection refused to TCP server localhost:8081 for platform PF1 (attempt 2/3)
2025-04-05 00:01:35.102 [DataCollector-PF1] INFO  com.example.mainapp.collector.impl.TCPPlatformConnector - Waiting 5000 ms before retry...
2025-04-05 00:01:39.984 [scheduling-1] DEBUG com.example.mainapp.services.impl.RateProcessor - Calculating derived rates
2025-04-05 00:01:40.103 [DataCollector-PF1] INFO  com.example.mainapp.collector.impl.TCPPlatformConnector - Connecting to TCP server localhost:8081 for platform PF1 (attempt 3/3)
2025-04-05 00:01:40.104 [DataCollector-PF1] ERROR com.example.mainapp.collector.impl.TCPPlatformConnector - Connection refused to TCP server localhost:8081 for platform PF1 (attempt 3/3)
2025-04-05 00:01:40.104 [DataCollector-PF1] ERROR com.example.mainapp.collector.impl.TCPPlatformConnector - Failed to connect to platform after 3 attempts: PF1
2025-04-05 00:01:40.105 [DataCollector-PF1] INFO  com.example.mainapp.coordinator.impl.DefaultCoordinator - Platform PF1 connection status: false
2025-04-05 00:01:44.984 [scheduling-1] DEBUG com.example.mainapp.services.impl.RateProcessor - Calculating derived rates
2025-04-05 00:01:45.105 [DataCollector-PF1] INFO  com.example.mainapp.collector.impl.TCPPlatformConnector - Connecting to TCP server localhost:8081 for platform PF1 (attempt 1/3)
2025-04-05 00:01:45.107 [DataCollector-PF1] ERROR com.example.mainapp.collector.impl.TCPPlatformConnector - Connection refused to TCP server localhost:8081 for platform PF1 (attempt 1/3)
2025-04-05 00:01:45.107 [DataCollector-PF1] INFO  com.example.mainapp.collector.impl.TCPPlatformConnector - Waiting 5000 ms before retry...
2025-04-05 00:01:49.984 [scheduling-1] DEBUG com.example.mainapp.services.impl.RateProcessor - Calculating derived rates
2025-04-05 00:01:50.003 [pool-4-thread-1] ERROR com.example.mainapp.collector.DataCollector - Platform PF1 health check failed, sending alert
2025-04-05 00:01:50.003 [pool-4-thread-1] INFO  com.example.mainapp.collector.DataCollector - Attempting to reconnect to platform: PF1
2025-04-05 00:01:50.004 [pool-5-thread-1] ERROR com.example.mainapp.collector.DataCollector - Platform PF2 health check failed, sending alert
2025-04-05 00:01:50.004 [pool-4-thread-1] WARN  com.example.mainapp.collector.impl.TCPPlatformConnector - Not connected to platform: PF1
2025-04-05 00:01:50.004 [pool-5-thread-1] INFO  com.example.mainapp.collector.DataCollector - Attempting to reconnect to platform: PF2
2025-04-05 00:01:50.005 [pool-4-thread-1] INFO  com.example.mainapp.collector.impl.TCPPlatformConnector - Connecting to TCP server localhost:8081 for platform PF1 (attempt 1/3)
2025-04-05 00:01:50.005 [pool-5-thread-1] WARN  com.example.mainapp.collector.impl.RestPlatformConnector - Not connected to platform: PF2
2025-04-05 00:01:50.005 [pool-4-thread-1] ERROR com.example.mainapp.collector.impl.TCPPlatformConnector - Connection refused to TCP server localhost:8081 for platform PF1 (attempt 1/3)
2025-04-05 00:01:50.005 [pool-5-thread-1] INFO  com.example.mainapp.collector.impl.RestPlatformConnector - Connecting to REST API http://localhost:8080/api/rates for platform PF2
2025-04-05 00:01:50.006 [pool-4-thread-1] INFO  com.example.mainapp.collector.impl.TCPPlatformConnector - Waiting 5000 ms before retry...
2025-04-05 00:01:50.007 [pool-5-thread-1] ERROR com.example.mainapp.collector.impl.RestPlatformConnector - Failed to connect to platform: PF2
org.springframework.web.client.ResourceAccessException: I/O error on GET request for "http://localhost:8080/api/rates": Connection refused
	at org.springframework.web.client.RestTemplate.createResourceAccessException(RestTemplate.java:888) ~[spring-web-6.0.13.jar!/:6.0.13]
	at org.springframework.web.client.RestTemplate.doExecute(RestTemplate.java:868) ~[spring-web-6.0.13.jar!/:6.0.13]
	at org.springframework.web.client.RestTemplate.execute(RestTemplate.java:764) ~[spring-web-6.0.13.jar!/:6.0.13]
	at org.springframework.web.client.RestTemplate.getForEntity(RestTemplate.java:405) ~[spring-web-6.0.13.jar!/:6.0.13]
	at com.example.mainapp.collector.impl.RestPlatformConnector.connect(RestPlatformConnector.java:64) ~[classes!/:0.0.1-SNAPSHOT]
	at com.example.mainapp.collector.DataCollector.lambda$scheduleHealthCheck$2(DataCollector.java:160) ~[classes!/:0.0.1-SNAPSHOT]
	at java.util.concurrent.Executors$RunnableAdapter.call(Unknown Source) [?:?]
	at java.util.concurrent.FutureTask.runAndReset(Unknown Source) [?:?]
	at java.util.concurrent.ScheduledThreadPoolExecutor$ScheduledFutureTask.run(Unknown Source) [?:?]
	at java.util.concurrent.ThreadPoolExecutor.runWorker(Unknown Source) [?:?]
	at java.util.concurrent.ThreadPoolExecutor$Worker.run(Unknown Source) [?:?]
	at java.lang.Thread.run(Unknown Source) [?:?]
Caused by: java.net.ConnectException: Connection refused
	at sun.nio.ch.Net.connect0(Native Method) ~[?:?]
	at sun.nio.ch.Net.connect(Unknown Source) ~[?:?]
	at sun.nio.ch.Net.connect(Unknown Source) ~[?:?]
	at sun.nio.ch.NioSocketImpl.connect(Unknown Source) ~[?:?]
	at java.net.Socket.connect(Unknown Source) ~[?:?]
	at java.net.Socket.connect(Unknown Source) ~[?:?]
	at sun.net.NetworkClient.doConnect(Unknown Source) ~[?:?]
	at sun.net.www.http.HttpClient.openServer(Unknown Source) ~[?:?]
	at sun.net.www.http.HttpClient.openServer(Unknown Source) ~[?:?]
	at sun.net.www.http.HttpClient.<init>(Unknown Source) ~[?:?]
	at sun.net.www.http.HttpClient.New(Unknown Source) ~[?:?]
	at sun.net.www.http.HttpClient.New(Unknown Source) ~[?:?]
	at sun.net.www.protocol.http.HttpURLConnection.getNewHttpClient(Unknown Source) ~[?:?]
	at sun.net.www.protocol.http.HttpURLConnection.plainConnect0(Unknown Source) ~[?:?]
	at sun.net.www.protocol.http.HttpURLConnection.plainConnect(Unknown Source) ~[?:?]
	at sun.net.www.protocol.http.HttpURLConnection.connect(Unknown Source) ~[?:?]
	at org.springframework.http.client.SimpleBufferingClientHttpRequest.executeInternal(SimpleBufferingClientHttpRequest.java:75) ~[spring-web-6.0.13.jar!/:6.0.13]
	at org.springframework.http.client.AbstractBufferingClientHttpRequest.executeInternal(AbstractBufferingClientHttpRequest.java:48) ~[spring-web-6.0.13.jar!/:6.0.13]
	at org.springframework.http.client.AbstractClientHttpRequest.execute(AbstractClientHttpRequest.java:66) ~[spring-web-6.0.13.jar!/:6.0.13]
	at org.springframework.web.client.RestTemplate.doExecute(RestTemplate.java:862) ~[spring-web-6.0.13.jar!/:6.0.13]
	... 10 more
2025-04-05 00:01:50.008 [pool-5-thread-1] INFO  com.example.mainapp.coordinator.impl.DefaultCoordinator - Platform PF2 connection status: false
2025-04-05 00:01:50.108 [DataCollector-PF1] INFO  com.example.mainapp.collector.impl.TCPPlatformConnector - Connecting to TCP server localhost:8081 for platform PF1 (attempt 2/3)
2025-04-05 00:01:50.109 [DataCollector-PF1] ERROR com.example.mainapp.collector.impl.TCPPlatformConnector - Connection refused to TCP server localhost:8081 for platform PF1 (attempt 2/3)
2025-04-05 00:01:50.109 [DataCollector-PF1] INFO  com.example.mainapp.collector.impl.TCPPlatformConnector - Waiting 5000 ms before retry...
2025-04-05 00:01:54.983 [scheduling-1] DEBUG com.example.mainapp.services.impl.RateProcessor - Calculating derived rates
2025-04-05 00:01:55.006 [pool-4-thread-1] INFO  com.example.mainapp.collector.impl.TCPPlatformConnector - Connecting to TCP server localhost:8081 for platform PF1 (attempt 2/3)
2025-04-05 00:01:55.007 [pool-4-thread-1] ERROR com.example.mainapp.collector.impl.TCPPlatformConnector - Connection refused to TCP server localhost:8081 for platform PF1 (attempt 2/3)
2025-04-05 00:01:55.007 [pool-4-thread-1] INFO  com.example.mainapp.collector.impl.TCPPlatformConnector - Waiting 5000 ms before retry...
2025-04-05 00:01:55.109 [DataCollector-PF1] INFO  com.example.mainapp.collector.impl.TCPPlatformConnector - Connecting to TCP server localhost:8081 for platform PF1 (attempt 3/3)
2025-04-05 00:01:55.110 [DataCollector-PF1] ERROR com.example.mainapp.collector.impl.TCPPlatformConnector - Connection refused to TCP server localhost:8081 for platform PF1 (attempt 3/3)
2025-04-05 00:01:55.110 [DataCollector-PF1] ERROR com.example.mainapp.collector.impl.TCPPlatformConnector - Failed to connect to platform after 3 attempts: PF1
2025-04-05 00:01:55.111 [DataCollector-PF1] INFO  com.example.mainapp.coordinator.impl.DefaultCoordinator - Platform PF1 connection status: false
2025-04-05 00:01:59.983 [scheduling-1] DEBUG com.example.mainapp.services.impl.RateProcessor - Calculating derived rates
2025-04-05 00:02:00.008 [pool-4-thread-1] INFO  com.example.mainapp.collector.impl.TCPPlatformConnector - Connecting to TCP server localhost:8081 for platform PF1 (attempt 3/3)
2025-04-05 00:02:00.009 [pool-4-thread-1] ERROR com.example.mainapp.collector.impl.TCPPlatformConnector - Connection refused to TCP server localhost:8081 for platform PF1 (attempt 3/3)
2025-04-05 00:02:00.010 [pool-4-thread-1] ERROR com.example.mainapp.collector.impl.TCPPlatformConnector - Failed to connect to platform after 3 attempts: PF1
2025-04-05 00:02:00.010 [pool-4-thread-1] INFO  com.example.mainapp.coordinator.impl.DefaultCoordinator - Platform PF1 connection status: false
2025-04-05 00:02:00.112 [DataCollector-PF1] INFO  com.example.mainapp.collector.impl.TCPPlatformConnector - Connecting to TCP server localhost:8081 for platform PF1 (attempt 1/3)
2025-04-05 00:02:00.113 [DataCollector-PF1] ERROR com.example.mainapp.collector.impl.TCPPlatformConnector - Connection refused to TCP server localhost:8081 for platform PF1 (attempt 1/3)
2025-04-05 00:02:00.113 [DataCollector-PF1] INFO  com.example.mainapp.collector.impl.TCPPlatformConnector - Waiting 5000 ms before retry...
2025-04-05 00:02:04.983 [scheduling-1] DEBUG com.example.mainapp.services.impl.RateProcessor - Calculating derived rates
2025-04-05 00:02:05.114 [DataCollector-PF1] INFO  com.example.mainapp.collector.impl.TCPPlatformConnector - Connecting to TCP server localhost:8081 for platform PF1 (attempt 2/3)
2025-04-05 00:02:05.115 [DataCollector-PF1] ERROR com.example.mainapp.collector.impl.TCPPlatformConnector - Connection refused to TCP server localhost:8081 for platform PF1 (attempt 2/3)
2025-04-05 00:02:05.116 [DataCollector-PF1] INFO  com.example.mainapp.collector.impl.TCPPlatformConnector - Waiting 5000 ms before retry...
2025-04-05 00:02:09.983 [scheduling-1] DEBUG com.example.mainapp.services.impl.RateProcessor - Calculating derived rates
2025-04-05 00:02:10.117 [DataCollector-PF1] INFO  com.example.mainapp.collector.impl.TCPPlatformConnector - Connecting to TCP server localhost:8081 for platform PF1 (attempt 3/3)
2025-04-05 00:02:10.118 [DataCollector-PF1] ERROR com.example.mainapp.collector.impl.TCPPlatformConnector - Connection refused to TCP server localhost:8081 for platform PF1 (attempt 3/3)
2025-04-05 00:02:10.118 [DataCollector-PF1] ERROR com.example.mainapp.collector.impl.TCPPlatformConnector - Failed to connect to platform after 3 attempts: PF1
2025-04-05 00:02:10.118 [DataCollector-PF1] INFO  com.example.mainapp.coordinator.impl.DefaultCoordinator - Platform PF1 connection status: false
2025-04-05 00:02:14.983 [scheduling-1] DEBUG com.example.mainapp.services.impl.RateProcessor - Calculating derived rates
2025-04-05 00:02:15.119 [DataCollector-PF1] INFO  com.example.mainapp.collector.impl.TCPPlatformConnector - Connecting to TCP server localhost:8081 for platform PF1 (attempt 1/3)
2025-04-05 00:02:15.120 [DataCollector-PF1] ERROR com.example.mainapp.collector.impl.TCPPlatformConnector - Connection refused to TCP server localhost:8081 for platform PF1 (attempt 1/3)
2025-04-05 00:02:15.120 [DataCollector-PF1] INFO  com.example.mainapp.collector.impl.TCPPlatformConnector - Waiting 5000 ms before retry...
2025-04-05 00:02:19.983 [scheduling-1] DEBUG com.example.mainapp.services.impl.RateProcessor - Calculating derived rates
2025-04-05 00:02:20.002 [pool-4-thread-1] ERROR com.example.mainapp.collector.DataCollector - Platform PF1 health check failed, sending alert
2025-04-05 00:02:20.002 [pool-4-thread-1] INFO  com.example.mainapp.collector.DataCollector - Attempting to reconnect to platform: PF1
2025-04-05 00:02:20.003 [pool-5-thread-1] ERROR com.example.mainapp.collector.DataCollector - Platform PF2 health check failed, sending alert
2025-04-05 00:02:20.003 [pool-4-thread-1] WARN  com.example.mainapp.collector.impl.TCPPlatformConnector - Not connected to platform: PF1
2025-04-05 00:02:20.003 [pool-5-thread-1] INFO  com.example.mainapp.collector.DataCollector - Attempting to reconnect to platform: PF2
2025-04-05 00:02:20.004 [pool-4-thread-1] INFO  com.example.mainapp.collector.impl.TCPPlatformConnector - Connecting to TCP server localhost:8081 for platform PF1 (attempt 1/3)
2025-04-05 00:02:20.004 [pool-5-thread-1] WARN  com.example.mainapp.collector.impl.RestPlatformConnector - Not connected to platform: PF2
2025-04-05 00:02:20.005 [pool-4-thread-1] ERROR com.example.mainapp.collector.impl.TCPPlatformConnector - Connection refused to TCP server localhost:8081 for platform PF1 (attempt 1/3)
2025-04-05 00:02:20.005 [pool-5-thread-1] INFO  com.example.mainapp.collector.impl.RestPlatformConnector - Connecting to REST API http://localhost:8080/api/rates for platform PF2
2025-04-05 00:02:20.005 [pool-4-thread-1] INFO  com.example.mainapp.collector.impl.TCPPlatformConnector - Waiting 5000 ms before retry...
2025-04-05 00:02:20.006 [pool-5-thread-1] ERROR com.example.mainapp.collector.impl.RestPlatformConnector - Failed to connect to platform: PF2
org.springframework.web.client.ResourceAccessException: I/O error on GET request for "http://localhost:8080/api/rates": Connection refused
	at org.springframework.web.client.RestTemplate.createResourceAccessException(RestTemplate.java:888) ~[spring-web-6.0.13.jar!/:6.0.13]
	at org.springframework.web.client.RestTemplate.doExecute(RestTemplate.java:868) ~[spring-web-6.0.13.jar!/:6.0.13]
	at org.springframework.web.client.RestTemplate.execute(RestTemplate.java:764) ~[spring-web-6.0.13.jar!/:6.0.13]
	at org.springframework.web.client.RestTemplate.getForEntity(RestTemplate.java:405) ~[spring-web-6.0.13.jar!/:6.0.13]
	at com.example.mainapp.collector.impl.RestPlatformConnector.connect(RestPlatformConnector.java:64) ~[classes!/:0.0.1-SNAPSHOT]
	at com.example.mainapp.collector.DataCollector.lambda$scheduleHealthCheck$2(DataCollector.java:160) ~[classes!/:0.0.1-SNAPSHOT]
	at java.util.concurrent.Executors$RunnableAdapter.call(Unknown Source) [?:?]
	at java.util.concurrent.FutureTask.runAndReset(Unknown Source) [?:?]
	at java.util.concurrent.ScheduledThreadPoolExecutor$ScheduledFutureTask.run(Unknown Source) [?:?]
	at java.util.concurrent.ThreadPoolExecutor.runWorker(Unknown Source) [?:?]
	at java.util.concurrent.ThreadPoolExecutor$Worker.run(Unknown Source) [?:?]
	at java.lang.Thread.run(Unknown Source) [?:?]
Caused by: java.net.ConnectException: Connection refused
	at sun.nio.ch.Net.connect0(Native Method) ~[?:?]
	at sun.nio.ch.Net.connect(Unknown Source) ~[?:?]
	at sun.nio.ch.Net.connect(Unknown Source) ~[?:?]
	at sun.nio.ch.NioSocketImpl.connect(Unknown Source) ~[?:?]
	at java.net.Socket.connect(Unknown Source) ~[?:?]
	at java.net.Socket.connect(Unknown Source) ~[?:?]
	at sun.net.NetworkClient.doConnect(Unknown Source) ~[?:?]
	at sun.net.www.http.HttpClient.openServer(Unknown Source) ~[?:?]
	at sun.net.www.http.HttpClient.openServer(Unknown Source) ~[?:?]
	at sun.net.www.http.HttpClient.<init>(Unknown Source) ~[?:?]
	at sun.net.www.http.HttpClient.New(Unknown Source) ~[?:?]
	at sun.net.www.http.HttpClient.New(Unknown Source) ~[?:?]
	at sun.net.www.protocol.http.HttpURLConnection.getNewHttpClient(Unknown Source) ~[?:?]
	at sun.net.www.protocol.http.HttpURLConnection.plainConnect0(Unknown Source) ~[?:?]
	at sun.net.www.protocol.http.HttpURLConnection.plainConnect(Unknown Source) ~[?:?]
	at sun.net.www.protocol.http.HttpURLConnection.connect(Unknown Source) ~[?:?]
	at org.springframework.http.client.SimpleBufferingClientHttpRequest.executeInternal(SimpleBufferingClientHttpRequest.java:75) ~[spring-web-6.0.13.jar!/:6.0.13]
	at org.springframework.http.client.AbstractBufferingClientHttpRequest.executeInternal(AbstractBufferingClientHttpRequest.java:48) ~[spring-web-6.0.13.jar!/:6.0.13]
	at org.springframework.http.client.AbstractClientHttpRequest.execute(AbstractClientHttpRequest.java:66) ~[spring-web-6.0.13.jar!/:6.0.13]
	at org.springframework.web.client.RestTemplate.doExecute(RestTemplate.java:862) ~[spring-web-6.0.13.jar!/:6.0.13]
	... 10 more
2025-04-05 00:02:20.008 [pool-5-thread-1] INFO  com.example.mainapp.coordinator.impl.DefaultCoordinator - Platform PF2 connection status: false
2025-04-05 00:02:20.121 [DataCollector-PF1] INFO  com.example.mainapp.collector.impl.TCPPlatformConnector - Connecting to TCP server localhost:8081 for platform PF1 (attempt 2/3)
2025-04-05 00:02:20.122 [DataCollector-PF1] ERROR com.example.mainapp.collector.impl.TCPPlatformConnector - Connection refused to TCP server localhost:8081 for platform PF1 (attempt 2/3)
2025-04-05 00:02:20.123 [DataCollector-PF1] INFO  com.example.mainapp.collector.impl.TCPPlatformConnector - Waiting 5000 ms before retry...
2025-04-05 00:02:24.982 [scheduling-1] DEBUG com.example.mainapp.services.impl.RateProcessor - Calculating derived rates
2025-04-05 00:02:25.005 [pool-4-thread-1] INFO  com.example.mainapp.collector.impl.TCPPlatformConnector - Connecting to TCP server localhost:8081 for platform PF1 (attempt 2/3)
2025-04-05 00:02:25.006 [pool-4-thread-1] ERROR com.example.mainapp.collector.impl.TCPPlatformConnector - Connection refused to TCP server localhost:8081 for platform PF1 (attempt 2/3)
2025-04-05 00:02:25.006 [pool-4-thread-1] INFO  com.example.mainapp.collector.impl.TCPPlatformConnector - Waiting 5000 ms before retry...
2025-04-05 00:02:25.122 [DataCollector-PF1] INFO  com.example.mainapp.collector.impl.TCPPlatformConnector - Connecting to TCP server localhost:8081 for platform PF1 (attempt 3/3)
2025-04-05 00:02:25.123 [DataCollector-PF1] ERROR com.example.mainapp.collector.impl.TCPPlatformConnector - Connection refused to TCP server localhost:8081 for platform PF1 (attempt 3/3)
2025-04-05 00:02:25.123 [DataCollector-PF1] ERROR com.example.mainapp.collector.impl.TCPPlatformConnector - Failed to connect to platform after 3 attempts: PF1
2025-04-05 00:02:25.124 [DataCollector-PF1] INFO  com.example.mainapp.coordinator.impl.DefaultCoordinator - Platform PF1 connection status: false
2025-04-05 00:02:29.982 [scheduling-1] DEBUG com.example.mainapp.services.impl.RateProcessor - Calculating derived rates
2025-04-05 00:02:30.007 [pool-4-thread-1] INFO  com.example.mainapp.collector.impl.TCPPlatformConnector - Connecting to TCP server localhost:8081 for platform PF1 (attempt 3/3)
2025-04-05 00:02:30.008 [pool-4-thread-1] ERROR com.example.mainapp.collector.impl.TCPPlatformConnector - Connection refused to TCP server localhost:8081 for platform PF1 (attempt 3/3)
2025-04-05 00:02:30.008 [pool-4-thread-1] ERROR com.example.mainapp.collector.impl.TCPPlatformConnector - Failed to connect to platform after 3 attempts: PF1
2025-04-05 00:02:30.009 [pool-4-thread-1] INFO  com.example.mainapp.coordinator.impl.DefaultCoordinator - Platform PF1 connection status: false
2025-04-05 00:02:30.124 [DataCollector-PF1] INFO  com.example.mainapp.collector.impl.TCPPlatformConnector - Connecting to TCP server localhost:8081 for platform PF1 (attempt 1/3)
2025-04-05 00:02:30.125 [DataCollector-PF1] ERROR com.example.mainapp.collector.impl.TCPPlatformConnector - Connection refused to TCP server localhost:8081 for platform PF1 (attempt 1/3)
2025-04-05 00:02:30.125 [DataCollector-PF1] INFO  com.example.mainapp.collector.impl.TCPPlatformConnector - Waiting 5000 ms before retry...
2025-04-05 00:02:34.982 [scheduling-1] DEBUG com.example.mainapp.services.impl.RateProcessor - Calculating derived rates
2025-04-05 00:02:35.126 [DataCollector-PF1] INFO  com.example.mainapp.collector.impl.TCPPlatformConnector - Connecting to TCP server localhost:8081 for platform PF1 (attempt 2/3)
2025-04-05 00:02:35.127 [DataCollector-PF1] ERROR com.example.mainapp.collector.impl.TCPPlatformConnector - Connection refused to TCP server localhost:8081 for platform PF1 (attempt 2/3)
2025-04-05 00:02:35.128 [DataCollector-PF1] INFO  com.example.mainapp.collector.impl.TCPPlatformConnector - Waiting 5000 ms before retry...
2025-04-05 00:02:39.982 [scheduling-1] DEBUG com.example.mainapp.services.impl.RateProcessor - Calculating derived rates
2025-04-05 00:02:40.128 [DataCollector-PF1] INFO  com.example.mainapp.collector.impl.TCPPlatformConnector - Connecting to TCP server localhost:8081 for platform PF1 (attempt 3/3)
2025-04-05 00:02:40.129 [DataCollector-PF1] ERROR com.example.mainapp.collector.impl.TCPPlatformConnector - Connection refused to TCP server localhost:8081 for platform PF1 (attempt 3/3)
2025-04-05 00:02:40.129 [DataCollector-PF1] ERROR com.example.mainapp.collector.impl.TCPPlatformConnector - Failed to connect to platform after 3 attempts: PF1
2025-04-05 00:02:40.129 [DataCollector-PF1] INFO  com.example.mainapp.coordinator.impl.DefaultCoordinator - Platform PF1 connection status: false
2025-04-05 00:02:44.982 [scheduling-1] DEBUG com.example.mainapp.services.impl.RateProcessor - Calculating derived rates
2025-04-05 00:02:45.130 [DataCollector-PF1] INFO  com.example.mainapp.collector.impl.TCPPlatformConnector - Connecting to TCP server localhost:8081 for platform PF1 (attempt 1/3)
2025-04-05 00:02:45.131 [DataCollector-PF1] ERROR com.example.mainapp.collector.impl.TCPPlatformConnector - Connection refused to TCP server localhost:8081 for platform PF1 (attempt 1/3)
2025-04-05 00:02:45.131 [DataCollector-PF1] INFO  com.example.mainapp.collector.impl.TCPPlatformConnector - Waiting 5000 ms before retry...
2025-04-05 00:02:49.982 [scheduling-1] DEBUG com.example.mainapp.services.impl.RateProcessor - Calculating derived rates
2025-04-05 00:02:50.001 [pool-4-thread-1] ERROR com.example.mainapp.collector.DataCollector - Platform PF1 health check failed, sending alert
2025-04-05 00:02:50.002 [pool-4-thread-1] INFO  com.example.mainapp.collector.DataCollector - Attempting to reconnect to platform: PF1
2025-04-05 00:02:50.002 [pool-5-thread-1] ERROR com.example.mainapp.collector.DataCollector - Platform PF2 health check failed, sending alert
2025-04-05 00:02:50.002 [pool-4-thread-1] WARN  com.example.mainapp.collector.impl.TCPPlatformConnector - Not connected to platform: PF1
2025-04-05 00:02:50.002 [pool-5-thread-1] INFO  com.example.mainapp.collector.DataCollector - Attempting to reconnect to platform: PF2
2025-04-05 00:02:50.003 [pool-4-thread-1] INFO  com.example.mainapp.collector.impl.TCPPlatformConnector - Connecting to TCP server localhost:8081 for platform PF1 (attempt 1/3)
2025-04-05 00:02:50.003 [pool-5-thread-1] WARN  com.example.mainapp.collector.impl.RestPlatformConnector - Not connected to platform: PF2
2025-04-05 00:02:50.003 [pool-5-thread-1] INFO  com.example.mainapp.collector.impl.RestPlatformConnector - Connecting to REST API http://localhost:8080/api/rates for platform PF2
2025-04-05 00:02:50.004 [pool-4-thread-1] ERROR com.example.mainapp.collector.impl.TCPPlatformConnector - Connection refused to TCP server localhost:8081 for platform PF1 (attempt 1/3)
2025-04-05 00:02:50.004 [pool-4-thread-1] INFO  com.example.mainapp.collector.impl.TCPPlatformConnector - Waiting 5000 ms before retry...
2025-04-05 00:02:50.006 [pool-5-thread-1] ERROR com.example.mainapp.collector.impl.RestPlatformConnector - Failed to connect to platform: PF2
org.springframework.web.client.ResourceAccessException: I/O error on GET request for "http://localhost:8080/api/rates": Connection refused
	at org.springframework.web.client.RestTemplate.createResourceAccessException(RestTemplate.java:888) ~[spring-web-6.0.13.jar!/:6.0.13]
	at org.springframework.web.client.RestTemplate.doExecute(RestTemplate.java:868) ~[spring-web-6.0.13.jar!/:6.0.13]
	at org.springframework.web.client.RestTemplate.execute(RestTemplate.java:764) ~[spring-web-6.0.13.jar!/:6.0.13]
	at org.springframework.web.client.RestTemplate.getForEntity(RestTemplate.java:405) ~[spring-web-6.0.13.jar!/:6.0.13]
	at com.example.mainapp.collector.impl.RestPlatformConnector.connect(RestPlatformConnector.java:64) ~[classes!/:0.0.1-SNAPSHOT]
	at com.example.mainapp.collector.DataCollector.lambda$scheduleHealthCheck$2(DataCollector.java:160) ~[classes!/:0.0.1-SNAPSHOT]
	at java.util.concurrent.Executors$RunnableAdapter.call(Unknown Source) [?:?]
	at java.util.concurrent.FutureTask.runAndReset(Unknown Source) [?:?]
	at java.util.concurrent.ScheduledThreadPoolExecutor$ScheduledFutureTask.run(Unknown Source) [?:?]
	at java.util.concurrent.ThreadPoolExecutor.runWorker(Unknown Source) [?:?]
	at java.util.concurrent.ThreadPoolExecutor$Worker.run(Unknown Source) [?:?]
	at java.lang.Thread.run(Unknown Source) [?:?]
Caused by: java.net.ConnectException: Connection refused
	at sun.nio.ch.Net.connect0(Native Method) ~[?:?]
	at sun.nio.ch.Net.connect(Unknown Source) ~[?:?]
	at sun.nio.ch.Net.connect(Unknown Source) ~[?:?]
	at sun.nio.ch.NioSocketImpl.connect(Unknown Source) ~[?:?]
	at java.net.Socket.connect(Unknown Source) ~[?:?]
	at java.net.Socket.connect(Unknown Source) ~[?:?]
	at sun.net.NetworkClient.doConnect(Unknown Source) ~[?:?]
	at sun.net.www.http.HttpClient.openServer(Unknown Source) ~[?:?]
	at sun.net.www.http.HttpClient.openServer(Unknown Source) ~[?:?]
	at sun.net.www.http.HttpClient.<init>(Unknown Source) ~[?:?]
	at sun.net.www.http.HttpClient.New(Unknown Source) ~[?:?]
	at sun.net.www.http.HttpClient.New(Unknown Source) ~[?:?]
	at sun.net.www.protocol.http.HttpURLConnection.getNewHttpClient(Unknown Source) ~[?:?]
	at sun.net.www.protocol.http.HttpURLConnection.plainConnect0(Unknown Source) ~[?:?]
	at sun.net.www.protocol.http.HttpURLConnection.plainConnect(Unknown Source) ~[?:?]
	at sun.net.www.protocol.http.HttpURLConnection.connect(Unknown Source) ~[?:?]
	at org.springframework.http.client.SimpleBufferingClientHttpRequest.executeInternal(SimpleBufferingClientHttpRequest.java:75) ~[spring-web-6.0.13.jar!/:6.0.13]
	at org.springframework.http.client.AbstractBufferingClientHttpRequest.executeInternal(AbstractBufferingClientHttpRequest.java:48) ~[spring-web-6.0.13.jar!/:6.0.13]
	at org.springframework.http.client.AbstractClientHttpRequest.execute(AbstractClientHttpRequest.java:66) ~[spring-web-6.0.13.jar!/:6.0.13]
	at org.springframework.web.client.RestTemplate.doExecute(RestTemplate.java:862) ~[spring-web-6.0.13.jar!/:6.0.13]
	... 10 more
2025-04-05 00:02:50.010 [pool-5-thread-1] INFO  com.example.mainapp.coordinator.impl.DefaultCoordinator - Platform PF2 connection status: false
2025-04-05 00:02:50.132 [DataCollector-PF1] INFO  com.example.mainapp.collector.impl.TCPPlatformConnector - Connecting to TCP server localhost:8081 for platform PF1 (attempt 2/3)
2025-04-05 00:02:50.133 [DataCollector-PF1] ERROR com.example.mainapp.collector.impl.TCPPlatformConnector - Connection refused to TCP server localhost:8081 for platform PF1 (attempt 2/3)
2025-04-05 00:02:50.133 [DataCollector-PF1] INFO  com.example.mainapp.collector.impl.TCPPlatformConnector - Waiting 5000 ms before retry...
2025-04-05 00:02:54.982 [scheduling-1] DEBUG com.example.mainapp.services.impl.RateProcessor - Calculating derived rates
2025-04-05 00:02:55.004 [pool-4-thread-1] INFO  com.example.mainapp.collector.impl.TCPPlatformConnector - Connecting to TCP server localhost:8081 for platform PF1 (attempt 2/3)
2025-04-05 00:02:55.005 [pool-4-thread-1] ERROR com.example.mainapp.collector.impl.TCPPlatformConnector - Connection refused to TCP server localhost:8081 for platform PF1 (attempt 2/3)
2025-04-05 00:02:55.005 [pool-4-thread-1] INFO  com.example.mainapp.collector.impl.TCPPlatformConnector - Waiting 5000 ms before retry...
2025-04-05 00:02:55.133 [DataCollector-PF1] INFO  com.example.mainapp.collector.impl.TCPPlatformConnector - Connecting to TCP server localhost:8081 for platform PF1 (attempt 3/3)
2025-04-05 00:02:55.134 [DataCollector-PF1] ERROR com.example.mainapp.collector.impl.TCPPlatformConnector - Connection refused to TCP server localhost:8081 for platform PF1 (attempt 3/3)
2025-04-05 00:02:55.134 [DataCollector-PF1] ERROR com.example.mainapp.collector.impl.TCPPlatformConnector - Failed to connect to platform after 3 attempts: PF1
2025-04-05 00:02:55.134 [DataCollector-PF1] INFO  com.example.mainapp.coordinator.impl.DefaultCoordinator - Platform PF1 connection status: false
2025-04-05 00:02:59.982 [scheduling-1] DEBUG com.example.mainapp.services.impl.RateProcessor - Calculating derived rates
2025-04-05 00:03:00.006 [pool-4-thread-1] INFO  com.example.mainapp.collector.impl.TCPPlatformConnector - Connecting to TCP server localhost:8081 for platform PF1 (attempt 3/3)
2025-04-05 00:03:00.007 [pool-4-thread-1] ERROR com.example.mainapp.collector.impl.TCPPlatformConnector - Connection refused to TCP server localhost:8081 for platform PF1 (attempt 3/3)
2025-04-05 00:03:00.008 [pool-4-thread-1] ERROR com.example.mainapp.collector.impl.TCPPlatformConnector - Failed to connect to platform after 3 attempts: PF1
2025-04-05 00:03:00.009 [pool-4-thread-1] INFO  com.example.mainapp.coordinator.impl.DefaultCoordinator - Platform PF1 connection status: false
2025-04-05 00:03:00.135 [DataCollector-PF1] INFO  com.example.mainapp.collector.impl.TCPPlatformConnector - Connecting to TCP server localhost:8081 for platform PF1 (attempt 1/3)
2025-04-05 00:03:00.136 [DataCollector-PF1] ERROR com.example.mainapp.collector.impl.TCPPlatformConnector - Connection refused to TCP server localhost:8081 for platform PF1 (attempt 1/3)
2025-04-05 00:03:00.136 [DataCollector-PF1] INFO  com.example.mainapp.collector.impl.TCPPlatformConnector - Waiting 5000 ms before retry...
2025-04-05 00:03:04.982 [scheduling-1] DEBUG com.example.mainapp.services.impl.RateProcessor - Calculating derived rates
2025-04-05 00:03:05.136 [DataCollector-PF1] INFO  com.example.mainapp.collector.impl.TCPPlatformConnector - Connecting to TCP server localhost:8081 for platform PF1 (attempt 2/3)
2025-04-05 00:03:05.138 [DataCollector-PF1] ERROR com.example.mainapp.collector.impl.TCPPlatformConnector - Connection refused to TCP server localhost:8081 for platform PF1 (attempt 2/3)
2025-04-05 00:03:05.138 [DataCollector-PF1] INFO  com.example.mainapp.collector.impl.TCPPlatformConnector - Waiting 5000 ms before retry...
2025-04-05 00:03:09.982 [scheduling-1] DEBUG com.example.mainapp.services.impl.RateProcessor - Calculating derived rates
2025-04-05 00:03:10.139 [DataCollector-PF1] INFO  com.example.mainapp.collector.impl.TCPPlatformConnector - Connecting to TCP server localhost:8081 for platform PF1 (attempt 3/3)
2025-04-05 00:03:10.139 [DataCollector-PF1] ERROR com.example.mainapp.collector.impl.TCPPlatformConnector - Connection refused to TCP server localhost:8081 for platform PF1 (attempt 3/3)
2025-04-05 00:03:10.140 [DataCollector-PF1] ERROR com.example.mainapp.collector.impl.TCPPlatformConnector - Failed to connect to platform after 3 attempts: PF1
2025-04-05 00:03:10.140 [DataCollector-PF1] INFO  com.example.mainapp.coordinator.impl.DefaultCoordinator - Platform PF1 connection status: false
2025-04-05 00:03:14.981 [scheduling-1] DEBUG com.example.mainapp.services.impl.RateProcessor - Calculating derived rates
2025-04-05 00:03:15.141 [DataCollector-PF1] INFO  com.example.mainapp.collector.impl.TCPPlatformConnector - Connecting to TCP server localhost:8081 for platform PF1 (attempt 1/3)
2025-04-05 00:03:15.141 [DataCollector-PF1] ERROR com.example.mainapp.collector.impl.TCPPlatformConnector - Connection refused to TCP server localhost:8081 for platform PF1 (attempt 1/3)
2025-04-05 00:03:15.142 [DataCollector-PF1] INFO  com.example.mainapp.collector.impl.TCPPlatformConnector - Waiting 5000 ms before retry...
2025-04-05 00:03:19.982 [scheduling-1] DEBUG com.example.mainapp.services.impl.RateProcessor - Calculating derived rates
2025-04-05 00:03:20.000 [pool-4-thread-1] ERROR com.example.mainapp.collector.DataCollector - Platform PF1 health check failed, sending alert
2025-04-05 00:03:20.001 [pool-4-thread-1] INFO  com.example.mainapp.collector.DataCollector - Attempting to reconnect to platform: PF1
2025-04-05 00:03:20.001 [pool-4-thread-1] WARN  com.example.mainapp.collector.impl.TCPPlatformConnector - Not connected to platform: PF1
2025-04-05 00:03:20.001 [pool-5-thread-1] ERROR com.example.mainapp.collector.DataCollector - Platform PF2 health check failed, sending alert
2025-04-05 00:03:20.002 [pool-4-thread-1] INFO  com.example.mainapp.collector.impl.TCPPlatformConnector - Connecting to TCP server localhost:8081 for platform PF1 (attempt 1/3)
2025-04-05 00:03:20.002 [pool-5-thread-1] INFO  com.example.mainapp.collector.DataCollector - Attempting to reconnect to platform: PF2
2025-04-05 00:03:20.003 [pool-4-thread-1] ERROR com.example.mainapp.collector.impl.TCPPlatformConnector - Connection refused to TCP server localhost:8081 for platform PF1 (attempt 1/3)
2025-04-05 00:03:20.003 [pool-5-thread-1] WARN  com.example.mainapp.collector.impl.RestPlatformConnector - Not connected to platform: PF2
2025-04-05 00:03:20.003 [pool-4-thread-1] INFO  com.example.mainapp.collector.impl.TCPPlatformConnector - Waiting 5000 ms before retry...
2025-04-05 00:03:20.004 [pool-5-thread-1] INFO  com.example.mainapp.collector.impl.RestPlatformConnector - Connecting to REST API http://localhost:8080/api/rates for platform PF2
2025-04-05 00:03:20.005 [pool-5-thread-1] ERROR com.example.mainapp.collector.impl.RestPlatformConnector - Failed to connect to platform: PF2
org.springframework.web.client.ResourceAccessException: I/O error on GET request for "http://localhost:8080/api/rates": Connection refused
	at org.springframework.web.client.RestTemplate.createResourceAccessException(RestTemplate.java:888) ~[spring-web-6.0.13.jar!/:6.0.13]
	at org.springframework.web.client.RestTemplate.doExecute(RestTemplate.java:868) ~[spring-web-6.0.13.jar!/:6.0.13]
	at org.springframework.web.client.RestTemplate.execute(RestTemplate.java:764) ~[spring-web-6.0.13.jar!/:6.0.13]
	at org.springframework.web.client.RestTemplate.getForEntity(RestTemplate.java:405) ~[spring-web-6.0.13.jar!/:6.0.13]
	at com.example.mainapp.collector.impl.RestPlatformConnector.connect(RestPlatformConnector.java:64) ~[classes!/:0.0.1-SNAPSHOT]
	at com.example.mainapp.collector.DataCollector.lambda$scheduleHealthCheck$2(DataCollector.java:160) ~[classes!/:0.0.1-SNAPSHOT]
	at java.util.concurrent.Executors$RunnableAdapter.call(Unknown Source) [?:?]
	at java.util.concurrent.FutureTask.runAndReset(Unknown Source) [?:?]
	at java.util.concurrent.ScheduledThreadPoolExecutor$ScheduledFutureTask.run(Unknown Source) [?:?]
	at java.util.concurrent.ThreadPoolExecutor.runWorker(Unknown Source) [?:?]
	at java.util.concurrent.ThreadPoolExecutor$Worker.run(Unknown Source) [?:?]
	at java.lang.Thread.run(Unknown Source) [?:?]
Caused by: java.net.ConnectException: Connection refused
	at sun.nio.ch.Net.connect0(Native Method) ~[?:?]
	at sun.nio.ch.Net.connect(Unknown Source) ~[?:?]
	at sun.nio.ch.Net.connect(Unknown Source) ~[?:?]
	at sun.nio.ch.NioSocketImpl.connect(Unknown Source) ~[?:?]
	at java.net.Socket.connect(Unknown Source) ~[?:?]
	at java.net.Socket.connect(Unknown Source) ~[?:?]
	at sun.net.NetworkClient.doConnect(Unknown Source) ~[?:?]
	at sun.net.www.http.HttpClient.openServer(Unknown Source) ~[?:?]
	at sun.net.www.http.HttpClient.openServer(Unknown Source) ~[?:?]
	at sun.net.www.http.HttpClient.<init>(Unknown Source) ~[?:?]
	at sun.net.www.http.HttpClient.New(Unknown Source) ~[?:?]
	at sun.net.www.http.HttpClient.New(Unknown Source) ~[?:?]
	at sun.net.www.protocol.http.HttpURLConnection.getNewHttpClient(Unknown Source) ~[?:?]
	at sun.net.www.protocol.http.HttpURLConnection.plainConnect0(Unknown Source) ~[?:?]
	at sun.net.www.protocol.http.HttpURLConnection.plainConnect(Unknown Source) ~[?:?]
	at sun.net.www.protocol.http.HttpURLConnection.connect(Unknown Source) ~[?:?]
	at org.springframework.http.client.SimpleBufferingClientHttpRequest.executeInternal(SimpleBufferingClientHttpRequest.java:75) ~[spring-web-6.0.13.jar!/:6.0.13]
	at org.springframework.http.client.AbstractBufferingClientHttpRequest.executeInternal(AbstractBufferingClientHttpRequest.java:48) ~[spring-web-6.0.13.jar!/:6.0.13]
	at org.springframework.http.client.AbstractClientHttpRequest.execute(AbstractClientHttpRequest.java:66) ~[spring-web-6.0.13.jar!/:6.0.13]
	at org.springframework.web.client.RestTemplate.doExecute(RestTemplate.java:862) ~[spring-web-6.0.13.jar!/:6.0.13]
	... 10 more
2025-04-05 00:03:20.007 [pool-5-thread-1] INFO  com.example.mainapp.coordinator.impl.DefaultCoordinator - Platform PF2 connection status: false
2025-04-05 00:03:20.142 [DataCollector-PF1] INFO  com.example.mainapp.collector.impl.TCPPlatformConnector - Connecting to TCP server localhost:8081 for platform PF1 (attempt 2/3)
2025-04-05 00:03:20.144 [DataCollector-PF1] ERROR com.example.mainapp.collector.impl.TCPPlatformConnector - Connection refused to TCP server localhost:8081 for platform PF1 (attempt 2/3)
2025-04-05 00:03:20.144 [DataCollector-PF1] INFO  com.example.mainapp.collector.impl.TCPPlatformConnector - Waiting 5000 ms before retry...
2025-04-05 00:03:24.981 [scheduling-1] DEBUG com.example.mainapp.services.impl.RateProcessor - Calculating derived rates
2025-04-05 00:03:25.004 [pool-4-thread-1] INFO  com.example.mainapp.collector.impl.TCPPlatformConnector - Connecting to TCP server localhost:8081 for platform PF1 (attempt 2/3)
2025-04-05 00:03:25.005 [pool-4-thread-1] ERROR com.example.mainapp.collector.impl.TCPPlatformConnector - Connection refused to TCP server localhost:8081 for platform PF1 (attempt 2/3)
2025-04-05 00:03:25.006 [pool-4-thread-1] INFO  com.example.mainapp.collector.impl.TCPPlatformConnector - Waiting 5000 ms before retry...
2025-04-05 00:03:25.144 [DataCollector-PF1] INFO  com.example.mainapp.collector.impl.TCPPlatformConnector - Connecting to TCP server localhost:8081 for platform PF1 (attempt 3/3)
2025-04-05 00:03:25.146 [DataCollector-PF1] ERROR com.example.mainapp.collector.impl.TCPPlatformConnector - Connection refused to TCP server localhost:8081 for platform PF1 (attempt 3/3)
2025-04-05 00:03:25.146 [DataCollector-PF1] ERROR com.example.mainapp.collector.impl.TCPPlatformConnector - Failed to connect to platform after 3 attempts: PF1
2025-04-05 00:03:25.146 [DataCollector-PF1] INFO  com.example.mainapp.coordinator.impl.DefaultCoordinator - Platform PF1 connection status: false
2025-04-05 00:03:29.981 [scheduling-1] DEBUG com.example.mainapp.services.impl.RateProcessor - Calculating derived rates
2025-04-05 00:03:30.006 [pool-4-thread-1] INFO  com.example.mainapp.collector.impl.TCPPlatformConnector - Connecting to TCP server localhost:8081 for platform PF1 (attempt 3/3)
2025-04-05 00:03:30.007 [pool-4-thread-1] ERROR com.example.mainapp.collector.impl.TCPPlatformConnector - Connection refused to TCP server localhost:8081 for platform PF1 (attempt 3/3)
2025-04-05 00:03:30.007 [pool-4-thread-1] ERROR com.example.mainapp.collector.impl.TCPPlatformConnector - Failed to connect to platform after 3 attempts: PF1
2025-04-05 00:03:30.007 [pool-4-thread-1] INFO  com.example.mainapp.coordinator.impl.DefaultCoordinator - Platform PF1 connection status: false
2025-04-05 00:03:30.148 [DataCollector-PF1] INFO  com.example.mainapp.collector.impl.TCPPlatformConnector - Connecting to TCP server localhost:8081 for platform PF1 (attempt 1/3)
2025-04-05 00:03:30.149 [DataCollector-PF1] ERROR com.example.mainapp.collector.impl.TCPPlatformConnector - Connection refused to TCP server localhost:8081 for platform PF1 (attempt 1/3)
2025-04-05 00:03:30.149 [DataCollector-PF1] INFO  com.example.mainapp.collector.impl.TCPPlatformConnector - Waiting 5000 ms before retry...
2025-04-05 00:03:34.981 [scheduling-1] DEBUG com.example.mainapp.services.impl.RateProcessor - Calculating derived rates
2025-04-05 00:03:35.150 [DataCollector-PF1] INFO  com.example.mainapp.collector.impl.TCPPlatformConnector - Connecting to TCP server localhost:8081 for platform PF1 (attempt 2/3)
2025-04-05 00:03:35.151 [DataCollector-PF1] ERROR com.example.mainapp.collector.impl.TCPPlatformConnector - Connection refused to TCP server localhost:8081 for platform PF1 (attempt 2/3)
2025-04-05 00:03:35.152 [DataCollector-PF1] INFO  com.example.mainapp.collector.impl.TCPPlatformConnector - Waiting 5000 ms before retry...
2025-04-05 00:03:39.981 [scheduling-1] DEBUG com.example.mainapp.services.impl.RateProcessor - Calculating derived rates
2025-04-05 00:03:40.152 [DataCollector-PF1] INFO  com.example.mainapp.collector.impl.TCPPlatformConnector - Connecting to TCP server localhost:8081 for platform PF1 (attempt 3/3)
2025-04-05 00:03:40.153 [DataCollector-PF1] ERROR com.example.mainapp.collector.impl.TCPPlatformConnector - Connection refused to TCP server localhost:8081 for platform PF1 (attempt 3/3)
2025-04-05 00:03:40.154 [DataCollector-PF1] ERROR com.example.mainapp.collector.impl.TCPPlatformConnector - Failed to connect to platform after 3 attempts: PF1
2025-04-05 00:03:40.154 [DataCollector-PF1] INFO  com.example.mainapp.coordinator.impl.DefaultCoordinator - Platform PF1 connection status: false
2025-04-05 00:03:44.981 [scheduling-1] DEBUG com.example.mainapp.services.impl.RateProcessor - Calculating derived rates
2025-04-05 00:03:45.155 [DataCollector-PF1] INFO  com.example.mainapp.collector.impl.TCPPlatformConnector - Connecting to TCP server localhost:8081 for platform PF1 (attempt 1/3)
2025-04-05 00:03:45.156 [DataCollector-PF1] ERROR com.example.mainapp.collector.impl.TCPPlatformConnector - Connection refused to TCP server localhost:8081 for platform PF1 (attempt 1/3)
2025-04-05 00:03:45.156 [DataCollector-PF1] INFO  com.example.mainapp.collector.impl.TCPPlatformConnector - Waiting 5000 ms before retry...
2025-04-05 00:03:49.981 [scheduling-1] DEBUG com.example.mainapp.services.impl.RateProcessor - Calculating derived rates
2025-04-05 00:03:49.999 [pool-4-thread-1] ERROR com.example.mainapp.collector.DataCollector - Platform PF1 health check failed, sending alert
2025-04-05 00:03:50.000 [pool-4-thread-1] INFO  com.example.mainapp.collector.DataCollector - Attempting to reconnect to platform: PF1
2025-04-05 00:03:50.000 [pool-5-thread-1] ERROR com.example.mainapp.collector.DataCollector - Platform PF2 health check failed, sending alert
2025-04-05 00:03:50.000 [pool-4-thread-1] WARN  com.example.mainapp.collector.impl.TCPPlatformConnector - Not connected to platform: PF1
2025-04-05 00:03:50.001 [pool-5-thread-1] INFO  com.example.mainapp.collector.DataCollector - Attempting to reconnect to platform: PF2
2025-04-05 00:03:50.001 [pool-5-thread-1] WARN  com.example.mainapp.collector.impl.RestPlatformConnector - Not connected to platform: PF2
2025-04-05 00:03:50.001 [pool-4-thread-1] INFO  com.example.mainapp.collector.impl.TCPPlatformConnector - Connecting to TCP server localhost:8081 for platform PF1 (attempt 1/3)
2025-04-05 00:03:50.001 [pool-5-thread-1] INFO  com.example.mainapp.collector.impl.RestPlatformConnector - Connecting to REST API http://localhost:8080/api/rates for platform PF2
2025-04-05 00:03:50.002 [pool-4-thread-1] ERROR com.example.mainapp.collector.impl.TCPPlatformConnector - Connection refused to TCP server localhost:8081 for platform PF1 (attempt 1/3)
2025-04-05 00:03:50.003 [pool-4-thread-1] INFO  com.example.mainapp.collector.impl.TCPPlatformConnector - Waiting 5000 ms before retry...
2025-04-05 00:03:50.003 [pool-5-thread-1] ERROR com.example.mainapp.collector.impl.RestPlatformConnector - Failed to connect to platform: PF2
org.springframework.web.client.ResourceAccessException: I/O error on GET request for "http://localhost:8080/api/rates": Connection refused
	at org.springframework.web.client.RestTemplate.createResourceAccessException(RestTemplate.java:888) ~[spring-web-6.0.13.jar!/:6.0.13]
	at org.springframework.web.client.RestTemplate.doExecute(RestTemplate.java:868) ~[spring-web-6.0.13.jar!/:6.0.13]
	at org.springframework.web.client.RestTemplate.execute(RestTemplate.java:764) ~[spring-web-6.0.13.jar!/:6.0.13]
	at org.springframework.web.client.RestTemplate.getForEntity(RestTemplate.java:405) ~[spring-web-6.0.13.jar!/:6.0.13]
	at com.example.mainapp.collector.impl.RestPlatformConnector.connect(RestPlatformConnector.java:64) ~[classes!/:0.0.1-SNAPSHOT]
	at com.example.mainapp.collector.DataCollector.lambda$scheduleHealthCheck$2(DataCollector.java:160) ~[classes!/:0.0.1-SNAPSHOT]
	at java.util.concurrent.Executors$RunnableAdapter.call(Unknown Source) [?:?]
	at java.util.concurrent.FutureTask.runAndReset(Unknown Source) [?:?]
	at java.util.concurrent.ScheduledThreadPoolExecutor$ScheduledFutureTask.run(Unknown Source) [?:?]
	at java.util.concurrent.ThreadPoolExecutor.runWorker(Unknown Source) [?:?]
	at java.util.concurrent.ThreadPoolExecutor$Worker.run(Unknown Source) [?:?]
	at java.lang.Thread.run(Unknown Source) [?:?]
Caused by: java.net.ConnectException: Connection refused
	at sun.nio.ch.Net.connect0(Native Method) ~[?:?]
	at sun.nio.ch.Net.connect(Unknown Source) ~[?:?]
	at sun.nio.ch.Net.connect(Unknown Source) ~[?:?]
	at sun.nio.ch.NioSocketImpl.connect(Unknown Source) ~[?:?]
	at java.net.Socket.connect(Unknown Source) ~[?:?]
	at java.net.Socket.connect(Unknown Source) ~[?:?]
	at sun.net.NetworkClient.doConnect(Unknown Source) ~[?:?]
	at sun.net.www.http.HttpClient.openServer(Unknown Source) ~[?:?]
	at sun.net.www.http.HttpClient.openServer(Unknown Source) ~[?:?]
	at sun.net.www.http.HttpClient.<init>(Unknown Source) ~[?:?]
	at sun.net.www.http.HttpClient.New(Unknown Source) ~[?:?]
	at sun.net.www.http.HttpClient.New(Unknown Source) ~[?:?]
	at sun.net.www.protocol.http.HttpURLConnection.getNewHttpClient(Unknown Source) ~[?:?]
	at sun.net.www.protocol.http.HttpURLConnection.plainConnect0(Unknown Source) ~[?:?]
	at sun.net.www.protocol.http.HttpURLConnection.plainConnect(Unknown Source) ~[?:?]
	at sun.net.www.protocol.http.HttpURLConnection.connect(Unknown Source) ~[?:?]
	at org.springframework.http.client.SimpleBufferingClientHttpRequest.executeInternal(SimpleBufferingClientHttpRequest.java:75) ~[spring-web-6.0.13.jar!/:6.0.13]
	at org.springframework.http.client.AbstractBufferingClientHttpRequest.executeInternal(AbstractBufferingClientHttpRequest.java:48) ~[spring-web-6.0.13.jar!/:6.0.13]
	at org.springframework.http.client.AbstractClientHttpRequest.execute(AbstractClientHttpRequest.java:66) ~[spring-web-6.0.13.jar!/:6.0.13]
	at org.springframework.web.client.RestTemplate.doExecute(RestTemplate.java:862) ~[spring-web-6.0.13.jar!/:6.0.13]
	... 10 more
2025-04-05 00:03:50.018 [pool-5-thread-1] INFO  com.example.mainapp.coordinator.impl.DefaultCoordinator - Platform PF2 connection status: false
2025-04-05 00:03:50.157 [DataCollector-PF1] INFO  com.example.mainapp.collector.impl.TCPPlatformConnector - Connecting to TCP server localhost:8081 for platform PF1 (attempt 2/3)
2025-04-05 00:03:50.158 [DataCollector-PF1] ERROR com.example.mainapp.collector.impl.TCPPlatformConnector - Connection refused to TCP server localhost:8081 for platform PF1 (attempt 2/3)
2025-04-05 00:03:50.158 [DataCollector-PF1] INFO  com.example.mainapp.collector.impl.TCPPlatformConnector - Waiting 5000 ms before retry...
2025-04-05 00:03:54.979 [scheduling-1] DEBUG com.example.mainapp.services.impl.RateProcessor - Calculating derived rates
2025-04-05 00:03:55.002 [pool-4-thread-1] INFO  com.example.mainapp.collector.impl.TCPPlatformConnector - Connecting to TCP server localhost:8081 for platform PF1 (attempt 2/3)
2025-04-05 00:03:55.003 [pool-4-thread-1] ERROR com.example.mainapp.collector.impl.TCPPlatformConnector - Connection refused to TCP server localhost:8081 for platform PF1 (attempt 2/3)
2025-04-05 00:03:55.003 [pool-4-thread-1] INFO  com.example.mainapp.collector.impl.TCPPlatformConnector - Waiting 5000 ms before retry...
2025-04-05 00:03:55.158 [DataCollector-PF1] INFO  com.example.mainapp.collector.impl.TCPPlatformConnector - Connecting to TCP server localhost:8081 for platform PF1 (attempt 3/3)
2025-04-05 00:03:55.159 [DataCollector-PF1] ERROR com.example.mainapp.collector.impl.TCPPlatformConnector - Connection refused to TCP server localhost:8081 for platform PF1 (attempt 3/3)
2025-04-05 00:03:55.159 [DataCollector-PF1] ERROR com.example.mainapp.collector.impl.TCPPlatformConnector - Failed to connect to platform after 3 attempts: PF1
2025-04-05 00:03:55.159 [DataCollector-PF1] INFO  com.example.mainapp.coordinator.impl.DefaultCoordinator - Platform PF1 connection status: false
